2021-05-01 14:57:34.334 CEST [16224] LOG:  starting PostgreSQL 13.2, compiled by Visual C++ build 1914, 64-bit
2021-05-01 14:57:34.336 CEST [16224] LOG:  listening on IPv6 address "::", port 8102
2021-05-01 14:57:34.336 CEST [16224] LOG:  listening on IPv4 address "0.0.0.0", port 8102
2021-05-01 14:57:34.391 CEST [14856] LOG:  database system was shut down at 2021-05-01 14:54:57 CEST
2021-05-01 14:57:34.410 CEST [16224] LOG:  database system is ready to accept connections
2021-05-01 14:58:00.110 CEST [14460] LOG:  could not receive data from client: unrecognized winsock error 10054
2021-05-01 14:58:00.113 CEST [1052] LOG:  could not receive data from client: unrecognized winsock error 10054
2021-05-01 14:58:00.113 CEST [4780] LOG:  could not receive data from client: unrecognized winsock error 10054
2021-05-01 14:58:00.114 CEST [16040] LOG:  could not receive data from client: unrecognized winsock error 10054
2021-05-01 14:58:00.115 CEST [14076] LOG:  could not receive data from client: unrecognized winsock error 10054
2021-05-01 14:58:00.116 CEST [1060] LOG:  could not receive data from client: unrecognized winsock error 10054
2021-05-01 14:58:00.117 CEST [4060] LOG:  could not receive data from client: unrecognized winsock error 10054
2021-05-01 14:58:00.127 CEST [12260] LOG:  could not receive data from client: unrecognized winsock error 10054
2021-05-01 14:58:00.127 CEST [5796] LOG:  could not receive data from client: unrecognized winsock error 10054
2021-05-01 14:58:00.131 CEST [12380] LOG:  could not receive data from client: unrecognized winsock error 10054
2021-05-01 14:58:11.996 CEST [16224] LOG:  received fast shutdown request
2021-05-01 14:58:12.000 CEST [16028] ERROR:  canceling statement due to user request
2021-05-01 14:58:12.000 CEST [8944] ERROR:  canceling statement due to user request
2021-05-01 14:58:12.000 CEST [8944] STATEMENT:  /*pga4dash*/
	SELECT 'session_stats' AS chart_name, row_to_json(t) AS chart_data
	FROM (SELECT
	   (SELECT count(*) FROM pg_stat_activity WHERE datname = (SELECT datname FROM pg_database WHERE oid = 13442)) AS "Total",
	   (SELECT count(*) FROM pg_stat_activity WHERE state = 'active' AND datname = (SELECT datname FROM pg_database WHERE oid = 13442))  AS "Active",
	   (SELECT count(*) FROM pg_stat_activity WHERE state = 'idle' AND datname = (SELECT datname FROM pg_database WHERE oid = 13442))  AS "Idle"
	) t
	UNION ALL
	SELECT 'tps_stats' AS chart_name, row_to_json(t) AS chart_data
	FROM (SELECT
	   (SELECT sum(xact_commit) + sum(xact_rollback) FROM pg_stat_database WHERE datname = (SELECT datname FROM pg_database WHERE oid = 13442)) AS "Transactions",
	   (SELECT sum(xact_commit) FROM pg_stat_database WHERE datname = (SELECT datname FROM pg_database WHERE oid = 13442)) AS "Commits",
	   (SELECT sum(xact_rollback) FROM pg_stat_database WHERE datname = (SELECT datname FROM pg_database WHERE oid = 13442)) AS "Rollbacks"
	) t
	UNION ALL
	SELECT 'ti_stats' AS chart_name, row_to_json(t) AS chart_data
	FROM (SELECT
	   (SELECT sum(tup_inserted) FROM pg_stat_database WHERE datname = (SELECT datname FROM pg_database WHERE oid = 13442)) AS "Inserts",
	   (SELECT sum(tup_updated) FROM pg_stat_database WHERE datname = (SELECT datname FROM pg_database WHERE oid = 13442)) AS "Updates",
	   (SELECT sum(tup_deleted) FROM pg_stat_database WHERE datname = (SELECT datname FROM pg_database WHERE oid = 13442)) AS "Deletes"
	) t
	UNION ALL
	SELECT 'to_stats' AS chart_name, row_to_json(t) AS chart_data
	FROM (SELECT
	   (SELECT sum(tup_fetched) FROM pg_stat_database WHERE datname = (SELECT datname FROM pg_database WHERE oid = 13442)) AS "Fetched",
	   (SELECT sum(tup_returned) FROM pg_stat_database WHERE datname = (SELECT datname FROM pg_database WHERE oid = 13442)) AS "Returned"
	) t
	UNION ALL
	SELECT 'bio_stats' AS chart_name, row_to_json(t) AS chart_data
	FROM (SELECT
	   (SELECT sum(blks_read) FROM pg_stat_database WHERE datname = (SELECT datname FROM pg_database WHERE oid = 13442)) AS "Reads",
	   (SELECT sum(blks_hit) FROM pg_stat_database WHERE datname = (SELECT datname FROM pg_database WHERE oid = 13442)) AS "Hits"
	) t
	
2021-05-01 14:58:12.001 CEST [16224] LOG:  aborting any active transactions
2021-05-01 14:58:12.001 CEST [8944] FATAL:  terminating connection due to administrator command
2021-05-01 14:58:12.010 CEST [16224] LOG:  background worker "logical replication launcher" (PID 16028) exited with exit code 1
2021-05-01 14:58:12.017 CEST [11364] LOG:  shutting down
2021-05-01 14:58:12.092 CEST [16224] LOG:  database system is shut down
