2021-05-26 22:18:23.350 CEST [7388] LOG:  starting PostgreSQL 13.2, compiled by Visual C++ build 1914, 64-bit
2021-05-26 22:18:23.352 CEST [7388] LOG:  listening on IPv6 address "::", port 8102
2021-05-26 22:18:23.352 CEST [7388] LOG:  listening on IPv4 address "0.0.0.0", port 8102
2021-05-26 22:18:23.422 CEST [5280] LOG:  database system was interrupted; last known up at 2021-05-26 21:17:16 CEST
2021-05-26 22:18:24.023 CEST [5280] LOG:  database system was not properly shut down; automatic recovery in progress
2021-05-26 22:18:24.027 CEST [5280] LOG:  invalid record length at 0/4758450: wanted 24, got 0
2021-05-26 22:18:24.028 CEST [5280] LOG:  redo is not required
2021-05-26 22:18:24.058 CEST [7388] LOG:  database system is ready to accept connections
2021-05-26 22:19:14.468 CEST [1276] LOG:  could not receive data from client: unrecognized winsock error 10054
2021-05-26 22:19:14.473 CEST [12520] LOG:  could not receive data from client: unrecognized winsock error 10054
2021-05-26 22:19:14.474 CEST [2884] LOG:  could not receive data from client: unrecognized winsock error 10054
2021-05-26 22:19:14.475 CEST [12368] LOG:  could not receive data from client: unrecognized winsock error 10054
2021-05-26 22:19:14.479 CEST [11604] LOG:  could not receive data from client: unrecognized winsock error 10054
2021-05-26 22:19:14.480 CEST [13076] LOG:  could not receive data from client: unrecognized winsock error 10054
2021-05-26 22:19:14.481 CEST [7380] LOG:  could not receive data from client: unrecognized winsock error 10054
2021-05-26 22:19:14.486 CEST [3320] LOG:  could not receive data from client: unrecognized winsock error 10054
2021-05-26 22:19:14.491 CEST [9844] LOG:  could not receive data from client: unrecognized winsock error 10054
2021-05-26 22:19:14.494 CEST [9796] LOG:  could not receive data from client: unrecognized winsock error 10054
2021-05-26 22:19:18.173 CEST [7388] LOG:  background worker "logical replication launcher" (PID 4356) was terminated by exception 0xC000013A
2021-05-26 22:19:18.173 CEST [7388] HINT:  See C include file "ntstatus.h" for a description of the hexadecimal value.
2021-05-26 22:19:18.173 CEST [7388] LOG:  terminating any other active server processes
2021-05-26 22:19:18.180 CEST [7388] LOG:  statistics collector process (PID 13260) was terminated by exception 0xC000013A
2021-05-26 22:19:18.180 CEST [7388] HINT:  See C include file "ntstatus.h" for a description of the hexadecimal value.
2021-05-26 22:19:18.183 CEST [7388] LOG:  all server processes terminated; reinitializing
2021-05-26 22:19:18.227 CEST [11596] LOG:  database system was interrupted; last known up at 2021-05-26 22:18:24 CEST
2021-05-26 22:19:18.629 CEST [11596] LOG:  database system was not properly shut down; automatic recovery in progress
2021-05-26 22:19:18.632 CEST [11596] LOG:  redo starts at 0/47584C8
2021-05-26 22:19:18.709 CEST [11596] LOG:  invalid record length at 0/4834248: wanted 24, got 0
2021-05-26 22:19:18.709 CEST [11596] LOG:  redo done at 0/4834210
2021-05-26 22:19:18.776 CEST [7388] LOG:  database system is ready to accept connections
2021-05-26 22:19:19.109 CEST [7388] LOG:  background worker "logical replication launcher" (PID 7876) was terminated by exception 0xC000013A
2021-05-26 22:19:19.109 CEST [7388] HINT:  See C include file "ntstatus.h" for a description of the hexadecimal value.
2021-05-26 22:19:19.110 CEST [7388] LOG:  terminating any other active server processes
2021-05-26 22:19:19.114 CEST [7388] LOG:  statistics collector process (PID 5640) was terminated by exception 0xC000013A
2021-05-26 22:19:19.114 CEST [7388] HINT:  See C include file "ntstatus.h" for a description of the hexadecimal value.
2021-05-26 22:19:19.116 CEST [7388] LOG:  all server processes terminated; reinitializing
2021-05-26 22:19:19.155 CEST [6660] LOG:  database system was interrupted; last known up at 2021-05-26 22:19:18 CEST
