2021-05-01 17:01:14.067 CEST [14572] LOG:  starting PostgreSQL 13.2, compiled by Visual C++ build 1914, 64-bit
2021-05-01 17:01:14.069 CEST [14572] LOG:  listening on IPv6 address "::", port 8102
2021-05-01 17:01:14.069 CEST [14572] LOG:  listening on IPv4 address "0.0.0.0", port 8102
2021-05-01 17:01:14.156 CEST [7460] LOG:  database system was interrupted; last known up at 2021-05-01 16:57:45 CEST
2021-05-01 17:01:14.594 CEST [7460] LOG:  database system was not properly shut down; automatic recovery in progress
2021-05-01 17:01:14.599 CEST [7460] LOG:  redo starts at 0/2D6C5F0
2021-05-01 17:01:14.603 CEST [7460] LOG:  invalid record length at 0/2D6F7B0: wanted 24, got 0
2021-05-01 17:01:14.604 CEST [7460] LOG:  redo done at 0/2D6F778
2021-05-01 17:01:14.642 CEST [14572] LOG:  database system is ready to accept connections
2021-05-01 17:04:02.114 CEST [6872] LOG:  could not receive data from client: unrecognized winsock error 10054
2021-05-01 17:04:02.119 CEST [1620] LOG:  could not receive data from client: unrecognized winsock error 10054
2021-05-01 17:04:02.119 CEST [6396] LOG:  could not receive data from client: unrecognized winsock error 10054
2021-05-01 17:04:02.121 CEST [15404] LOG:  could not receive data from client: unrecognized winsock error 10054
2021-05-01 17:04:02.137 CEST [17380] LOG:  could not receive data from client: unrecognized winsock error 10054
2021-05-01 17:04:02.139 CEST [16408] LOG:  could not receive data from client: unrecognized winsock error 10054
2021-05-01 17:04:02.140 CEST [8848] LOG:  could not receive data from client: unrecognized winsock error 10054
2021-05-01 17:04:02.148 CEST [8332] LOG:  could not receive data from client: unrecognized winsock error 10054
2021-05-01 17:04:02.148 CEST [16744] LOG:  could not receive data from client: unrecognized winsock error 10054
2021-05-01 17:04:02.148 CEST [7256] LOG:  could not receive data from client: unrecognized winsock error 10054
2021-05-01 17:40:18.848 CEST [14360] LOG:  could not receive data from client: unrecognized winsock error 10054
2021-05-01 17:40:18.851 CEST [1592] LOG:  could not receive data from client: unrecognized winsock error 10054
2021-05-01 17:40:18.851 CEST [15188] LOG:  could not receive data from client: unrecognized winsock error 10054
2021-05-01 17:40:18.854 CEST [9388] LOG:  could not receive data from client: unrecognized winsock error 10054
2021-05-01 17:40:18.862 CEST [10792] LOG:  could not receive data from client: unrecognized winsock error 10054
2021-05-01 17:40:18.863 CEST [9340] LOG:  could not receive data from client: unrecognized winsock error 10054
2021-05-01 17:40:18.863 CEST [15280] LOG:  could not receive data from client: unrecognized winsock error 10054
2021-05-01 17:40:18.867 CEST [14508] LOG:  could not receive data from client: unrecognized winsock error 10054
2021-05-01 17:40:18.872 CEST [14220] LOG:  could not receive data from client: unrecognized winsock error 10054
2021-05-01 17:40:18.878 CEST [16492] LOG:  could not receive data from client: unrecognized winsock error 10054
2021-05-01 17:43:02.508 CEST [14572] LOG:  received fast shutdown request
2021-05-01 17:43:02.515 CEST [14572] LOG:  aborting any active transactions
2021-05-01 17:43:02.522 CEST [14572] LOG:  background worker "logical replication launcher" (PID 1568) exited with exit code 1
2021-05-01 17:43:02.527 CEST [16328] LOG:  shutting down
2021-05-01 17:43:02.554 CEST [14572] LOG:  database system is shut down
