2021-05-01 14:49:05.164 CEST [3832] LOG:  starting PostgreSQL 13.2, compiled by Visual C++ build 1914, 64-bit
2021-05-01 14:49:05.167 CEST [3832] LOG:  listening on IPv6 address "::", port 8102
2021-05-01 14:49:05.168 CEST [3832] LOG:  listening on IPv4 address "0.0.0.0", port 8102
2021-05-01 14:49:05.217 CEST [4120] LOG:  database system was interrupted; last known up at 2021-05-01 14:48:52 CEST
2021-05-01 14:49:05.287 CEST [10284] FATAL:  the database system is starting up
2021-05-01 14:49:05.585 CEST [6620] FATAL:  the database system is starting up
2021-05-01 14:49:05.593 CEST [4120] LOG:  database system was not properly shut down; automatic recovery in progress
2021-05-01 14:49:05.596 CEST [4120] LOG:  invalid record length at 0/1EA98B0: wanted 24, got 0
2021-05-01 14:49:05.596 CEST [4120] LOG:  redo is not required
2021-05-01 14:49:05.679 CEST [3832] LOG:  database system is ready to accept connections
2021-05-01 14:49:05.680 CEST [2208] FATAL:  the database system is starting up
2021-05-01 14:53:54.512 CEST [3832] LOG:  received fast shutdown request
2021-05-01 14:53:54.516 CEST [3832] LOG:  aborting any active transactions
2021-05-01 14:53:54.518 CEST [5888] FATAL:  terminating connection due to administrator command
2021-05-01 14:53:54.518 CEST [15672] FATAL:  terminating connection due to administrator command
2021-05-01 14:53:54.523 CEST [15564] FATAL:  terminating connection due to administrator command
2021-05-01 14:53:54.524 CEST [15584] FATAL:  terminating connection due to administrator command
2021-05-01 14:53:54.526 CEST [8064] FATAL:  terminating connection due to administrator command
2021-05-01 14:53:54.529 CEST [14456] FATAL:  terminating connection due to administrator command
2021-05-01 14:53:54.531 CEST [15740] FATAL:  terminating connection due to administrator command
2021-05-01 14:53:54.535 CEST [14348] FATAL:  terminating connection due to administrator command
2021-05-01 14:53:54.535 CEST [15316] ERROR:  canceling statement due to user request
2021-05-01 14:53:54.543 CEST [13168] FATAL:  terminating connection due to administrator command
2021-05-01 14:53:54.546 CEST [4920] FATAL:  terminating connection due to administrator command
2021-05-01 14:53:54.547 CEST [5172] FATAL:  terminating connection due to administrator command
2021-05-01 14:53:54.552 CEST [3832] LOG:  background worker "logical replication launcher" (PID 15316) exited with exit code 1
2021-05-01 14:53:54.560 CEST [4288] LOG:  shutting down
2021-05-01 14:53:54.647 CEST [3832] LOG:  database system is shut down
