2021-05-01 15:06:49.473 CEST [4232] LOG:  starting PostgreSQL 13.2, compiled by Visual C++ build 1914, 64-bit
2021-05-01 15:06:49.474 CEST [4232] LOG:  listening on IPv6 address "::", port 8102
2021-05-01 15:06:49.475 CEST [4232] LOG:  listening on IPv4 address "0.0.0.0", port 8102
2021-05-01 15:06:49.522 CEST [6156] LOG:  database system was shut down at 2021-05-01 15:06:38 CEST
2021-05-01 15:06:49.551 CEST [4232] LOG:  database system is ready to accept connections
2021-05-01 15:07:00.286 CEST [4232] LOG:  received fast shutdown request
2021-05-01 15:07:00.287 CEST [1352] ERROR:  canceling statement due to user request
2021-05-01 15:07:00.289 CEST [4232] LOG:  aborting any active transactions
2021-05-01 15:07:00.294 CEST [6584] FATAL:  terminating connection due to administrator command
2021-05-01 15:07:00.294 CEST [11908] FATAL:  terminating connection due to administrator command
2021-05-01 15:07:00.296 CEST [5304] FATAL:  terminating connection due to administrator command
2021-05-01 15:07:00.298 CEST [8592] FATAL:  terminating connection due to administrator command
2021-05-01 15:07:00.301 CEST [15332] FATAL:  terminating connection due to administrator command
2021-05-01 15:07:00.319 CEST [14796] FATAL:  terminating connection due to administrator command
2021-05-01 15:07:00.330 CEST [15580] FATAL:  terminating connection due to administrator command
2021-05-01 15:07:00.336 CEST [6412] FATAL:  terminating connection due to administrator command
2021-05-01 15:07:00.347 CEST [15988] FATAL:  terminating connection due to administrator command
2021-05-01 15:07:00.353 CEST [14152] FATAL:  terminating connection due to administrator command
2021-05-01 15:07:00.359 CEST [1020] FATAL:  terminating connection due to administrator command
2021-05-01 15:07:00.377 CEST [4232] LOG:  background worker "logical replication launcher" (PID 1352) exited with exit code 1
2021-05-01 15:07:00.383 CEST [15720] LOG:  shutting down
2021-05-01 15:07:00.505 CEST [7972] FATAL:  the database system is shutting down
2021-05-01 15:07:00.593 CEST [4232] LOG:  database system is shut down
