#
# A fatal error has been detected by the Java Runtime Environment:
#
#  EXCEPTION_ACCESS_VIOLATION (0xc0000005) at pc=0x00007ffad82c5431, pid=163568, tid=150788
#
# JRE version: Java(TM) SE Runtime Environment (13.0.2+8) (build 13.0.2+8)
# Java VM: Java HotSpot(TM) 64-Bit Server VM (13.0.2+8, mixed mode, sharing, tiered, compressed oops, g1 gc, windows-amd64)
# Problematic frame:
# V  [jvm.dll+0x245431]
#
# No core dump will be written. Minidumps are not enabled by default on client versions of Windows
#
# If you would like to submit a bug report, please visit:
#   http://bugreport.java.com/bugreport/crash.jsp
#

---------------  S U M M A R Y ------------

Command Line: -XX:TieredStopAtLevel=1 -Xdebug -Xrunjdwp:transport=dt_socket,server=n,address=63493 -Xverify:none -XX:TieredStopAtLevel=1 com.szefi.uml_conference.WebOrderApplication

Host: Intel(R) Core(TM) i5-3570 CPU @ 3.40GHz, 4 cores, 7G,  Windows 10 , 64 bit Build 18362 (10.0.18362.959)
Time: Fri Apr 30 15:27:20 2021 Közép-európai nyári ido  elapsed time: 563 seconds (0d 0h 9m 23s)

---------------  T H R E A D  ---------------

Current thread (0x00000119ea5fc000):  JavaThread "taskExecutor-1" [_thread_in_vm, id=150788, stack(0x0000000e31500000,0x0000000e31600000)]

Stack: [0x0000000e31500000,0x0000000e31600000],  sp=0x0000000e315fe850,  free space=1018k
Native frames: (J=compiled Java code, j=interpreted, Vv=VM code, C=native code)
V  [jvm.dll+0x245431]
V  [jvm.dll+0x37a065]
V  [jvm.dll+0x3796ff]
C  0x00000119cfbbd8f8

Java frames: (J=compiled Java code, j=interpreted, Vv=VM code)
j  com.szefi.uml_conference.editor.service.EditorSession.updateObjectAndSend_Internal(Lcom/szefi/uml_conference/editor/model/do_related/DiagramObject;)V+24
j  com.szefi.uml_conference.editor.service.EditorSession$$FastClassBySpringCGLIB$$4a8908bc.invoke(ILjava/lang/Object;[Ljava/lang/Object;)Ljava/lang/Object;+286
J 10374 c1 org.springframework.cglib.proxy.MethodProxy.invoke(Ljava/lang/Object;[Ljava/lang/Object;)Ljava/lang/Object; (72 bytes) @ 0x00000119d1437134 [0x00000119d1437080+0x00000000000000b4]
J 10373 c1 org.springframework.aop.framework.CglibAopProxy$DynamicAdvisedInterceptor.intercept(Ljava/lang/Object;Ljava/lang/reflect/Method;[Ljava/lang/Object;Lorg/springframework/cglib/proxy/MethodProxy;)Ljava/lang/Object; (231 bytes) @ 0x00000119d1435c3c [0x00000119d1435940+0x00000000000002fc]
j  com.szefi.uml_conference.editor.service.EditorSession$$EnhancerBySpringCGLIB$$2b0990eb.updateObjectAndSend_Internal(Lcom/szefi/uml_conference/editor/model/do_related/DiagramObject;)V+36
j  com.szefi.uml_conference.editor.service.SocketSessionService.sendObjectToSessionIfExists(Lcom/szefi/uml_conference/editor/model/do_related/DiagramObject;Ljava/lang/Integer;)V+25
j  com.szefi.uml_conference.editor.service.SocketSessionService.deleteClassSoRemoveItFromParentPackageObject(Lcom/szefi/uml_conference/editor/model/do_related/PackageObject;)V+23
j  com.szefi.uml_conference.editor.socket.threads.service.NestedEditorActionProcessor.run()V+1744
j  java.util.concurrent.ThreadPoolExecutor.runWorker(Ljava/util/concurrent/ThreadPoolExecutor$Worker;)V+92 java.base@13.0.2
j  java.util.concurrent.ThreadPoolExecutor$Worker.run()V+5 java.base@13.0.2
j  java.lang.Thread.run()V+11 java.base@13.0.2
v  ~StubRoutines::call_stub

siginfo: EXCEPTION_ACCESS_VIOLATION (0xc0000005), reading address 0x00000119ed37d94a


Register to memory mapping:

RIP=0x00007ffad82c5431 jvm.dll
RAX=0x000000000000e7c1 is an unknown value
RBX=0x00000119ed309b00 is pointing into metadata
RCX=0x00000119eadb4048 is pointing into metadata
RDX=0x000000000000e7c1 is an unknown value
RSP=0x0000000e315fe850 is pointing into the stack for thread: 0x00000119ea5fc000
RBP=0x0000000e315fe980 is pointing into the stack for thread: 0x00000119ea5fc000
RSI=0x00000119ea5fc000 is a thread
RDI={method} {0x00000119ed314b18} 'updateObjectAndSend_Internal' '(Lcom/szefi/uml_conference/editor/model/do_related/DiagramObject;)V' in 'com/szefi/uml_conference/editor/service/EditorSession'
R8 =0x0 is NULL
R9 =0x00000119ed309b00 is pointing into metadata
R10=0x0000000800d7ea98 is a pointer to class: 
com.szefi.uml_conference.editor.service.EditorSession {0x0000000800d7eaa0}
R11={method} {0x00000119ed314b18} 'updateObjectAndSend_Internal' '(Lcom/szefi/uml_conference/editor/model/do_related/DiagramObject;)V' in 'com/szefi/uml_conference/editor/service/EditorSession'
R12=0x00000119ea57c700 points into unknown readable memory: 00 00 00 00 00 00 00 00
R13=0x00000000000000b6 is an unknown value
R14=0x00000119ea57c710 points into unknown readable memory: 63 6f 6d 2e 73 7a 65 66
R15=0x0 is NULL


Registers:
RAX=0x000000000000e7c1, RBX=0x00000119ed309b00, RCX=0x00000119eadb4048, RDX=0x000000000000e7c1
RSP=0x0000000e315fe850, RBP=0x0000000e315fe980, RSI=0x00000119ea5fc000, RDI=0x00000119ed314b10
R8 =0x0000000000000000, R9 =0x00000119ed309b00, R10=0x0000000800d7ea98, R11=0x00000119ed314b10
R12=0x00000119ea57c700, R13=0x00000000000000b6, R14=0x00000119ea57c710, R15=0x0000000000000000
RIP=0x00007ffad82c5431, EFLAGS=0x0000000000010206

Top of Stack: (sp=0x0000000e315fe850)
0x0000000e315fe850:   00000119ea560790 00000119e815d560
0x0000000e315fe860:   00000119ea560790 00007ffad8577eb9
0x0000000e315fe870:   00000119e9ca6560 00007ffad83fa065
0x0000000e315fe880:   00000119e9ca6560 00000119ea5fc000
0x0000000e315fe890:   00000119e5b46960 00007ffad85785aa
0x0000000e315fe8a0:   00000119ea5fc000 00007ffb10c34ff7
0x0000000e315fe8b0:   00000119ed314b10 00000119ea5fc000
0x0000000e315fe8c0:   00000119ea57cae8 00007ffad855fe6a
0x0000000e315fe8d0:   0000000e315febd0 00000119cfbbd8b2
0x0000000e315fe8e0:   00000119cfb98a90 0000000000000000
0x0000000e315fe8f0:   0000000e315fec18 0000000e315febd0
0x0000000e315fe900:   00000119ea5fc310 00000119e815d560
0x0000000e315fe910:   00000119ea5fc310 00007ffb10c4c638
0x0000000e315fe920:   00000119ea167090 00000119e815d560
0x0000000e315fe930:   0000000000000000 00000119e6d302a8
0x0000000e315fe940:   00000119ea5fc310 00000119c54bd3f0 

Instructions: (pc=0x00007ffad82c5431)
0x00007ffad82c5331:   40 84 f6 75 18 48 8b 4f 10 48 85 c9 74 0f 48 8d
0x00007ffad82c5341:   43 01 48 c1 e0 05 48 8b 04 08 0f b7 d8 48 8b 74
0x00007ffad82c5351:   24 38 48 63 c3 48 8b 5c 24 30 0f b7 44 c7 40 48
0x00007ffad82c5361:   83 c4 20 5f c3 cc cc cc cc cc cc cc cc cc cc 4c
0x00007ffad82c5371:   8b c9 45 84 c0 75 42 48 8b 49 10 48 85 c9 74 39
0x00007ffad82c5381:   85 d2 79 1a f7 d2 48 63 c2 48 ff c0 48 c1 e0 05
0x00007ffad82c5391:   48 8b 04 08 0f b7 c8 41 0f b7 44 c9 42 c3 48 63
0x00007ffad82c53a1:   c2 48 ff c0 48 c1 e0 05 48 8b 04 08 0f b7 d0 48
0x00007ffad82c53b1:   63 c2 41 0f b7 44 c1 42 c3 49 8b 41 08 4c 63 c2
0x00007ffad82c53c1:   42 0f b6 44 00 04 8d 48 ef 80 f9 01 76 0e 3c 6a
0x00007ffad82c53d1:   74 0a 48 63 c2 41 0f b7 44 c1 42 c3 43 0f b7 44
0x00007ffad82c53e1:   c1 42 c3 cc cc cc cc cc cc cc cc cc cc cc cc 40
0x00007ffad82c53f1:   53 48 83 ec 20 48 8b d9 e8 72 ff ff ff 48 63 d0
0x00007ffad82c5401:   0f b7 44 d3 40 48 8b 44 c3 40 48 83 c4 20 5b c3
0x00007ffad82c5411:   cc cc cc cc cc cc cc cc cc cc cc cc cc cc cc 40
0x00007ffad82c5421:   53 48 83 ec 20 48 8b d9 e8 42 ff ff ff 48 63 d0
0x00007ffad82c5431:   0f b7 44 d3 42 48 8b 44 c3 40 48 83 c4 20 5b c3
0x00007ffad82c5441:   cc cc cc cc cc cc cc cc cc cc cc cc cc cc cc 4c
0x00007ffad82c5451:   8b d1 45 84 c9 75 23 4c 8b 49 10 4d 85 c9 74 1a
0x00007ffad82c5461:   45 85 c0 79 03 41 f7 d0 49 63 c0 48 ff c0 48 c1
0x00007ffad82c5471:   e0 05 4a 8b 04 08 44 0f b7 c0 49 8b 42 08 49 63
0x00007ffad82c5481:   c8 0f b6 4c 08 04 48 8b c2 88 0a c3 cc cc cc 40
0x00007ffad82c5491:   56 57 41 54 41 56 41 57 48 83 ec 20 45 8b 30 49
0x00007ffad82c54a1:   8b f0 49 63 f9 4c 8b e2 4c 8b f9 45 85 f6 0f 8e
0x00007ffad82c54b1:   20 01 00 00 48 89 5c 24 50 33 db 48 89 6c 24 58
0x00007ffad82c54c1:   48 8b 6c 24 70 45 85 c9 7e 77 8d 47 ff 44 8b cb
0x00007ffad82c54d1:   85 c0 44 8d 43 03 49 8b cc 44 0f 4f c8 49 63 c1
0x00007ffad82c54e1:   4c 8b cd 48 8d 04 45 0f 00 00 00 48 c1 e8 03 48
0x00007ffad82c54f1:   63 d0 e8 58 ad 38 00 48 8b d0 48 85 c0 74 04 89
0x00007ffad82c5501:   38 eb 03 48 8b d3 48 39 5d 08 0f 85 ba 00 00 00
0x00007ffad82c5511:   85 ff 7e 25 4c 8b c3 4c 8d 4a 04 0f 1f 40 00 48
0x00007ffad82c5521:   8b 46 18 4d 8d 49 02 42 0f b7 0c 80 49 ff c0 66 


Stack slot to memory mapping:
stack at sp + 0 slots: 0x00000119ea560790 points into unknown readable memory: b8 19 4f ea 19 01 00 00
stack at sp + 1 slots: 0x00000119e815d560 points into unknown readable memory: 08 97 6c 84 00 00 00 00
stack at sp + 2 slots: 0x00000119ea560790 points into unknown readable memory: b8 19 4f ea 19 01 00 00
stack at sp + 3 slots: 0x00007ffad8577eb9 jvm.dll
stack at sp + 4 slots: 0x00000119e9ca6560 points into unknown readable memory: 02 00 00 00 00 00 00 00
stack at sp + 5 slots: 0x00007ffad83fa065 jvm.dll
stack at sp + 6 slots: 0x00000119e9ca6560 points into unknown readable memory: 02 00 00 00 00 00 00 00
stack at sp + 7 slots: 0x00000119ea5fc000 is a thread


---------------  P R O C E S S  ---------------

Threads class SMR info:
_java_thread_list=0x00000119e9d60eb0, length=34, elements={
0x00000119e5b43000, 0x00000119e5b44800, 0x00000119e5b65800, 0x00000119e5b68800,
0x00000119e5b6a000, 0x00000119e5b74000, 0x00000119e65a2000, 0x00000119e65a3000,
0x00000119e65a4000, 0x00000119e65af000, 0x00000119e65b6000, 0x00000119e7d32800,
0x00000119ea236800, 0x00000119ea1ec000, 0x00000119ea249800, 0x00000119e8152800,
0x00000119ea578000, 0x00000119ea551800, 0x00000119ea552000, 0x00000119ea553000,
0x00000119ea54a000, 0x00000119ea544800, 0x00000119ea54b000, 0x00000119ea546000,
0x00000119ea549000, 0x00000119ea546800, 0x00000119ea547800, 0x00000119ea548800,
0x00000119ea545000, 0x00000119ea5fe800, 0x00000119ea600000, 0x00000119ea5fc000,
0x00000119ea5ff800, 0x00000119ea5fd800
}

Java Threads: ( => current thread )
  0x00000119e5b43000 JavaThread "Reference Handler" daemon [_thread_blocked, id=137168, stack(0x0000000e2f000000,0x0000000e2f100000)]
  0x00000119e5b44800 JavaThread "Finalizer" daemon [_thread_blocked, id=164324, stack(0x0000000e2f100000,0x0000000e2f200000)]
  0x00000119e5b65800 JavaThread "Signal Dispatcher" daemon [_thread_blocked, id=165204, stack(0x0000000e2f200000,0x0000000e2f300000)]
  0x00000119e5b68800 JavaThread "Attach Listener" daemon [_thread_blocked, id=155304, stack(0x0000000e2f300000,0x0000000e2f400000)]
  0x00000119e5b6a000 JavaThread "C1 CompilerThread0" daemon [_thread_blocked, id=162428, stack(0x0000000e2f400000,0x0000000e2f500000)]
  0x00000119e5b74000 JavaThread "Sweeper thread" daemon [_thread_blocked, id=160620, stack(0x0000000e2f500000,0x0000000e2f600000)]
  0x00000119e65a2000 JavaThread "JDWP Transport Listener: dt_socket" daemon [_thread_blocked, id=147844, stack(0x0000000e2f600000,0x0000000e2f700000)]
  0x00000119e65a3000 JavaThread "JDWP Event Helper Thread" daemon [_thread_blocked, id=128916, stack(0x0000000e2f700000,0x0000000e2f800000)]
  0x00000119e65a4000 JavaThread "JDWP Command Reader" daemon [_thread_in_native, id=152492, stack(0x0000000e2f800000,0x0000000e2f900000)]
  0x00000119e65af000 JavaThread "Service Thread" daemon [_thread_blocked, id=147624, stack(0x0000000e2f900000,0x0000000e2fa00000)]
  0x00000119e65b6000 JavaThread "Common-Cleaner" daemon [_thread_blocked, id=163348, stack(0x0000000e2fb00000,0x0000000e2fc00000)]
  0x00000119e7d32800 JavaThread "HikariPool-1 housekeeper" daemon [_thread_blocked, id=164184, stack(0x0000000e2ff00000,0x0000000e30000000)]
  0x00000119ea236800 JavaThread "Catalina-utility-1" [_thread_blocked, id=165612, stack(0x0000000e30200000,0x0000000e30300000)]
  0x00000119ea1ec000 JavaThread "Catalina-utility-2" [_thread_blocked, id=167500, stack(0x0000000e30300000,0x0000000e30400000)]
  0x00000119ea249800 JavaThread "container-0" [_thread_blocked, id=165944, stack(0x0000000e30400000,0x0000000e30500000)]
  0x00000119e8152800 JavaThread "http-nio-8101-BlockPoller" daemon [_thread_in_native, id=156760, stack(0x0000000e30500000,0x0000000e30600000)]
  0x00000119ea578000 JavaThread "http-nio-8101-exec-1" daemon [_thread_blocked, id=147332, stack(0x0000000e30600000,0x0000000e30700000)]
  0x00000119ea551800 JavaThread "http-nio-8101-exec-2" daemon [_thread_blocked, id=158732, stack(0x0000000e30700000,0x0000000e30800000)]
  0x00000119ea552000 JavaThread "http-nio-8101-exec-3" daemon [_thread_blocked, id=161960, stack(0x0000000e30800000,0x0000000e30900000)]
  0x00000119ea553000 JavaThread "http-nio-8101-exec-4" daemon [_thread_blocked, id=163868, stack(0x0000000e30900000,0x0000000e30a00000)]
  0x00000119ea54a000 JavaThread "http-nio-8101-exec-5" daemon [_thread_blocked, id=157488, stack(0x0000000e30a00000,0x0000000e30b00000)]
  0x00000119ea544800 JavaThread "http-nio-8101-exec-6" daemon [_thread_blocked, id=139056, stack(0x0000000e30b00000,0x0000000e30c00000)]
  0x00000119ea54b000 JavaThread "http-nio-8101-exec-7" daemon [_thread_blocked, id=166892, stack(0x0000000e30c00000,0x0000000e30d00000)]
  0x00000119ea546000 JavaThread "http-nio-8101-exec-8" daemon [_thread_blocked, id=164284, stack(0x0000000e30d00000,0x0000000e30e00000)]
  0x00000119ea549000 JavaThread "http-nio-8101-exec-9" daemon [_thread_blocked, id=167696, stack(0x0000000e30e00000,0x0000000e30f00000)]
  0x00000119ea546800 JavaThread "http-nio-8101-exec-10" daemon [_thread_blocked, id=156548, stack(0x0000000e30f00000,0x0000000e31000000)]
  0x00000119ea547800 JavaThread "http-nio-8101-ClientPoller" daemon [_thread_in_native, id=168124, stack(0x0000000e31000000,0x0000000e31100000)]
  0x00000119ea548800 JavaThread "http-nio-8101-Acceptor" daemon [_thread_in_native, id=161788, stack(0x0000000e31100000,0x0000000e31200000)]
  0x00000119ea545000 JavaThread "taskExecutor-1" [_thread_blocked, id=115844, stack(0x0000000e31200000,0x0000000e31300000)]
  0x00000119ea5fe800 JavaThread "taskExecutor-1" [_thread_blocked, id=167552, stack(0x0000000e31300000,0x0000000e31400000)]
  0x00000119ea600000 JavaThread "taskExecutor-1" [_thread_blocked, id=169656, stack(0x0000000e31400000,0x0000000e31500000)]
=>0x00000119ea5fc000 JavaThread "taskExecutor-1" [_thread_in_vm, id=150788, stack(0x0000000e31500000,0x0000000e31600000)]
  0x00000119ea5ff800 JavaThread "DestroyJavaVM" [_thread_blocked, id=167828, stack(0x0000000e2e900000,0x0000000e2ea00000)]
  0x00000119ea5fd800 JavaThread "WebSocket background processing" daemon [_thread_blocked, id=134620, stack(0x0000000e2e600000,0x0000000e2e700000)]

Other Threads:
  0x00000119e5b3f800 VMThread "VM Thread" [stack: 0x0000000e2ef00000,0x0000000e2f000000] [id=167484]
  0x00000119e65b1800 WatcherThread [stack: 0x0000000e2fa00000,0x0000000e2fb00000] [id=163444]
  0x00000119c76eb000 GCTaskThread "GC Thread#0" [stack: 0x0000000e2ea00000,0x0000000e2eb00000] [id=118224]
  0x00000119e6c0f000 GCTaskThread "GC Thread#1" [stack: 0x0000000e2fc00000,0x0000000e2fd00000] [id=133848]
  0x00000119e6c10000 GCTaskThread "GC Thread#2" [stack: 0x0000000e2fd00000,0x0000000e2fe00000] [id=148852]
  0x00000119e77a8800 GCTaskThread "GC Thread#3" [stack: 0x0000000e30000000,0x0000000e30100000] [id=155372]
  0x00000119c76fc800 ConcurrentGCThread "G1 Main Marker" [stack: 0x0000000e2eb00000,0x0000000e2ec00000] [id=167212]
  0x00000119c76fe000 ConcurrentGCThread "G1 Conc#0" [stack: 0x0000000e2ec00000,0x0000000e2ed00000] [id=167876]
  0x00000119e59c0800 ConcurrentGCThread "G1 Refine#0" [stack: 0x0000000e2ed00000,0x0000000e2ee00000] [id=167676]
  0x00000119e67db800 ConcurrentGCThread "G1 Refine#1" [stack: 0x0000000e2fe00000,0x0000000e2ff00000] [id=141044]
  0x00000119e9fec000 ConcurrentGCThread "G1 Refine#2" [stack: 0x0000000e2e700000,0x0000000e2e800000] [id=169424]
  0x00000119e59c2800 ConcurrentGCThread "G1 Young RemSet Sampling" [stack: 0x0000000e2ee00000,0x0000000e2ef00000] [id=164900]

Threads with active compile tasks:

VM state:not at safepoint (normal execution)

VM Mutex/Monitor currently owned by a thread: None

Heap address: 0x0000000082000000, size: 2016 MB, Compressed Oops mode: 32-bit
Narrow klass base: 0x0000000800000000, Narrow klass shift: 3
Compressed class space size: 1073741824 Address: 0x0000000800b40000

Heap:
 garbage-first heap   total 126976K, used 42895K [0x0000000082000000, 0x0000000100000000)
  region size 1024K, 6 young (6144K), 3 survivors (3072K)
 Metaspace       used 62113K, capacity 64037K, committed 64256K, reserved 1103872K
  class space    used 8394K, capacity 9116K, committed 9216K, reserved 1048576K
Heap Regions: E=young(eden), S=young(survivor), O=old, HS=humongous(starts), HC=humongous(continues), CS=collection set, F=free, A=archive, TAMS=top-at-mark-start (previous, next)
|   0|0x0000000082000000, 0x0000000082100000, 0x0000000082100000|100%|HS|  |TAMS 0x0000000082100000, 0x0000000082000000| Complete 
|   1|0x0000000082100000, 0x0000000082200000, 0x0000000082200000|100%| O|  |TAMS 0x0000000082200000, 0x0000000082100000| Untracked 
|   2|0x0000000082200000, 0x0000000082300000, 0x0000000082300000|100%| O|  |TAMS 0x0000000082300000, 0x0000000082200000| Untracked 
|   3|0x0000000082300000, 0x0000000082400000, 0x0000000082400000|100%| O|  |TAMS 0x0000000082400000, 0x0000000082300000| Untracked 
|   4|0x0000000082400000, 0x0000000082500000, 0x0000000082500000|100%| O|  |TAMS 0x0000000082500000, 0x0000000082400000| Untracked 
|   5|0x0000000082500000, 0x0000000082600000, 0x0000000082600000|100%| O|  |TAMS 0x0000000082600000, 0x0000000082500000| Untracked 
|   6|0x0000000082600000, 0x0000000082700000, 0x0000000082700000|100%| O|  |TAMS 0x0000000082700000, 0x0000000082600000| Untracked 
|   7|0x0000000082700000, 0x0000000082700000, 0x0000000082800000|  0%| F|  |TAMS 0x0000000082700000, 0x0000000082700000| Untracked 
|   8|0x0000000082800000, 0x0000000082900000, 0x0000000082900000|100%| O|  |TAMS 0x0000000082900000, 0x0000000082800000| Untracked 
|   9|0x0000000082900000, 0x0000000082a00000, 0x0000000082a00000|100%| O|  |TAMS 0x0000000082a00000, 0x0000000082900000| Untracked 
|  10|0x0000000082a00000, 0x0000000082b00000, 0x0000000082b00000|100%| O|  |TAMS 0x0000000082b00000, 0x0000000082a00000| Untracked 
|  11|0x0000000082b00000, 0x0000000082c00000, 0x0000000082c00000|100%| O|  |TAMS 0x0000000082c00000, 0x0000000082b00000| Untracked 
|  12|0x0000000082c00000, 0x0000000082d00000, 0x0000000082d00000|100%| O|  |TAMS 0x0000000082d00000, 0x0000000082c00000| Untracked 
|  13|0x0000000082d00000, 0x0000000082d00000, 0x0000000082e00000|  0%| F|  |TAMS 0x0000000082d00000, 0x0000000082d00000| Untracked 
|  14|0x0000000082e00000, 0x0000000082f00000, 0x0000000082f00000|100%| O|  |TAMS 0x0000000082f00000, 0x0000000082e00000| Untracked 
|  15|0x0000000082f00000, 0x0000000082f00000, 0x0000000083000000|  0%| F|  |TAMS 0x0000000082f00000, 0x0000000082f00000| Untracked 
|  16|0x0000000083000000, 0x0000000083000000, 0x0000000083100000|  0%| F|  |TAMS 0x0000000083000000, 0x0000000083000000| Untracked 
|  17|0x0000000083100000, 0x0000000083200000, 0x0000000083200000|100%| O|  |TAMS 0x0000000083200000, 0x0000000083100000| Untracked 
|  18|0x0000000083200000, 0x0000000083300000, 0x0000000083300000|100%| O|  |TAMS 0x0000000083300000, 0x0000000083200000| Untracked 
|  19|0x0000000083300000, 0x0000000083400000, 0x0000000083400000|100%| O|  |TAMS 0x0000000083400000, 0x0000000083300000| Untracked 
|  20|0x0000000083400000, 0x0000000083400000, 0x0000000083500000|  0%| F|  |TAMS 0x0000000083400000, 0x0000000083400000| Untracked 
|  21|0x0000000083500000, 0x0000000083600000, 0x0000000083600000|100%| O|  |TAMS 0x0000000083600000, 0x0000000083500000| Untracked 
|  22|0x0000000083600000, 0x0000000083700000, 0x0000000083700000|100%| O|  |TAMS 0x0000000083700000, 0x0000000083600000| Untracked 
|  23|0x0000000083700000, 0x0000000083800000, 0x0000000083800000|100%| O|  |TAMS 0x0000000083800000, 0x0000000083700000| Untracked 
|  24|0x0000000083800000, 0x0000000083900000, 0x0000000083900000|100%| O|  |TAMS 0x0000000083900000, 0x0000000083800000| Untracked 
|  25|0x0000000083900000, 0x0000000083a00000, 0x0000000083a00000|100%| O|  |TAMS 0x0000000083a00000, 0x0000000083900000| Untracked 
|  26|0x0000000083a00000, 0x0000000083a00000, 0x0000000083b00000|  0%| F|  |TAMS 0x0000000083a00000, 0x0000000083a00000| Untracked 
|  27|0x0000000083b00000, 0x0000000083c00000, 0x0000000083c00000|100%| O|  |TAMS 0x0000000083c00000, 0x0000000083b00000| Untracked 
|  28|0x0000000083c00000, 0x0000000083d00000, 0x0000000083d00000|100%| O|  |TAMS 0x0000000083d00000, 0x0000000083c00000| Untracked 
|  29|0x0000000083d00000, 0x0000000083d00000, 0x0000000083e00000|  0%| F|  |TAMS 0x0000000083d00000, 0x0000000083d00000| Untracked 
|  30|0x0000000083e00000, 0x0000000083e00000, 0x0000000083f00000|  0%| F|  |TAMS 0x0000000083e00000, 0x0000000083e00000| Untracked 
|  31|0x0000000083f00000, 0x0000000083f00000, 0x0000000084000000|  0%| F|  |TAMS 0x0000000083f00000, 0x0000000083f00000| Untracked 
|  32|0x0000000084000000, 0x0000000084000000, 0x0000000084100000|  0%| F|  |TAMS 0x0000000084000000, 0x0000000084000000| Untracked 
|  33|0x0000000084100000, 0x0000000084100000, 0x0000000084200000|  0%| F|  |TAMS 0x0000000084100000, 0x0000000084100000| Untracked 
|  34|0x0000000084200000, 0x0000000084300000, 0x0000000084300000|100%| O|  |TAMS 0x0000000084300000, 0x0000000084200000| Untracked 
|  35|0x0000000084300000, 0x0000000084300000, 0x0000000084400000|  0%| F|  |TAMS 0x0000000084300000, 0x0000000084300000| Untracked 
|  36|0x0000000084400000, 0x0000000084400000, 0x0000000084500000|  0%| F|  |TAMS 0x0000000084400000, 0x0000000084400000| Untracked 
|  37|0x0000000084500000, 0x0000000084600000, 0x0000000084600000|100%| O|  |TAMS 0x0000000084500000, 0x0000000084500000| Untracked 
|  38|0x0000000084600000, 0x0000000084700000, 0x0000000084700000|100%| O|  |TAMS 0x0000000084600000, 0x0000000084600000| Untracked 
|  39|0x0000000084700000, 0x0000000084800000, 0x0000000084800000|100%| O|  |TAMS 0x0000000084700000, 0x0000000084700000| Untracked 
|  40|0x0000000084800000, 0x0000000084900000, 0x0000000084900000|100%| O|  |TAMS 0x0000000084800000, 0x0000000084800000| Untracked 
|  41|0x0000000084900000, 0x0000000084a00000, 0x0000000084a00000|100%| O|  |TAMS 0x0000000084900000, 0x0000000084900000| Untracked 
|  42|0x0000000084a00000, 0x0000000084b00000, 0x0000000084b00000|100%| O|  |TAMS 0x0000000084a00000, 0x0000000084a00000| Untracked 
|  43|0x0000000084b00000, 0x0000000084c00000, 0x0000000084c00000|100%| O|  |TAMS 0x0000000084b00000, 0x0000000084b00000| Untracked 
|  44|0x0000000084c00000, 0x0000000084d00000, 0x0000000084d00000|100%| O|  |TAMS 0x0000000084c00000, 0x0000000084c00000| Untracked 
|  45|0x0000000084d00000, 0x0000000084e00000, 0x0000000084e00000|100%| O|  |TAMS 0x0000000084d00000, 0x0000000084d00000| Untracked 
|  46|0x0000000084e00000, 0x0000000084f00000, 0x0000000084f00000|100%| O|  |TAMS 0x0000000084e00000, 0x0000000084e00000| Untracked 
|  47|0x0000000084f00000, 0x0000000085000000, 0x0000000085000000|100%| O|  |TAMS 0x0000000084f00000, 0x0000000084f00000| Untracked 
|  48|0x0000000085000000, 0x0000000085100000, 0x0000000085100000|100%| O|  |TAMS 0x0000000085000000, 0x0000000085000000| Untracked 
|  49|0x0000000085100000, 0x0000000085200000, 0x0000000085200000|100%| O|  |TAMS 0x0000000085100000, 0x0000000085100000| Untracked 
|  50|0x0000000085200000, 0x00000000852c5200, 0x0000000085300000| 77%| O|  |TAMS 0x0000000085200000, 0x0000000085200000| Untracked 
|  51|0x0000000085300000, 0x0000000085300000, 0x0000000085400000|  0%| F|  |TAMS 0x0000000085300000, 0x0000000085300000| Untracked 
|  52|0x0000000085400000, 0x0000000085400000, 0x0000000085500000|  0%| F|  |TAMS 0x0000000085400000, 0x0000000085400000| Untracked 
|  53|0x0000000085500000, 0x0000000085500000, 0x0000000085600000|  0%| F|  |TAMS 0x0000000085500000, 0x0000000085500000| Untracked 
|  54|0x0000000085600000, 0x0000000085600000, 0x0000000085700000|  0%| F|  |TAMS 0x0000000085600000, 0x0000000085600000| Untracked 
|  55|0x0000000085700000, 0x0000000085700000, 0x0000000085800000|  0%| F|  |TAMS 0x0000000085700000, 0x0000000085700000| Untracked 
|  56|0x0000000085800000, 0x0000000085800000, 0x0000000085900000|  0%| F|  |TAMS 0x0000000085800000, 0x0000000085800000| Untracked 
|  57|0x0000000085900000, 0x0000000085900000, 0x0000000085a00000|  0%| F|  |TAMS 0x0000000085900000, 0x0000000085900000| Untracked 
|  58|0x0000000085a00000, 0x0000000085a00000, 0x0000000085b00000|  0%| F|  |TAMS 0x0000000085a00000, 0x0000000085a00000| Untracked 
|  59|0x0000000085b00000, 0x0000000085b00000, 0x0000000085c00000|  0%| F|  |TAMS 0x0000000085b00000, 0x0000000085b00000| Untracked 
|  60|0x0000000085c00000, 0x0000000085c00000, 0x0000000085d00000|  0%| F|  |TAMS 0x0000000085c00000, 0x0000000085c00000| Untracked 
|  61|0x0000000085d00000, 0x0000000085d00000, 0x0000000085e00000|  0%| F|  |TAMS 0x0000000085d00000, 0x0000000085d00000| Untracked 
|  62|0x0000000085e00000, 0x0000000085e00000, 0x0000000085f00000|  0%| F|  |TAMS 0x0000000085e00000, 0x0000000085e00000| Untracked 
|  63|0x0000000085f00000, 0x0000000085f00000, 0x0000000086000000|  0%| F|  |TAMS 0x0000000085f00000, 0x0000000085f00000| Untracked 
|  64|0x0000000086000000, 0x000000008601ebd0, 0x0000000086100000| 12%| S|CS|TAMS 0x0000000086000000, 0x0000000086000000| Complete 
|  65|0x0000000086100000, 0x0000000086200000, 0x0000000086200000|100%| S|CS|TAMS 0x0000000086100000, 0x0000000086100000| Complete 
|  66|0x0000000086200000, 0x0000000086300000, 0x0000000086300000|100%| S|CS|TAMS 0x0000000086200000, 0x0000000086200000| Complete 
|  67|0x0000000086300000, 0x0000000086300000, 0x0000000086400000|  0%| F|  |TAMS 0x0000000086300000, 0x0000000086300000| Untracked 
|  68|0x0000000086400000, 0x0000000086400000, 0x0000000086500000|  0%| F|  |TAMS 0x0000000086400000, 0x0000000086400000| Untracked 
|  69|0x0000000086500000, 0x0000000086500000, 0x0000000086600000|  0%| F|  |TAMS 0x0000000086500000, 0x0000000086500000| Untracked 
|  70|0x0000000086600000, 0x0000000086600000, 0x0000000086700000|  0%| F|  |TAMS 0x0000000086600000, 0x0000000086600000| Untracked 
|  71|0x0000000086700000, 0x0000000086700000, 0x0000000086800000|  0%| F|  |TAMS 0x0000000086700000, 0x0000000086700000| Untracked 
|  72|0x0000000086800000, 0x0000000086800000, 0x0000000086900000|  0%| F|  |TAMS 0x0000000086800000, 0x0000000086800000| Untracked 
|  73|0x0000000086900000, 0x0000000086900000, 0x0000000086a00000|  0%| F|  |TAMS 0x0000000086900000, 0x0000000086900000| Untracked 
|  74|0x0000000086a00000, 0x0000000086a00000, 0x0000000086b00000|  0%| F|  |TAMS 0x0000000086a00000, 0x0000000086a00000| Untracked 
|  75|0x0000000086b00000, 0x0000000086b00000, 0x0000000086c00000|  0%| F|  |TAMS 0x0000000086b00000, 0x0000000086b00000| Untracked 
|  76|0x0000000086c00000, 0x0000000086c00000, 0x0000000086d00000|  0%| F|  |TAMS 0x0000000086c00000, 0x0000000086c00000| Untracked 
|  77|0x0000000086d00000, 0x0000000086d00000, 0x0000000086e00000|  0%| F|  |TAMS 0x0000000086d00000, 0x0000000086d00000| Untracked 
|  78|0x0000000086e00000, 0x0000000086e00000, 0x0000000086f00000|  0%| F|  |TAMS 0x0000000086e00000, 0x0000000086e00000| Untracked 
|  79|0x0000000086f00000, 0x0000000086f00000, 0x0000000087000000|  0%| F|  |TAMS 0x0000000086f00000, 0x0000000086f00000| Untracked 
|  80|0x0000000087000000, 0x0000000087000000, 0x0000000087100000|  0%| F|  |TAMS 0x0000000087000000, 0x0000000087000000| Untracked 
|  81|0x0000000087100000, 0x0000000087100000, 0x0000000087200000|  0%| F|  |TAMS 0x0000000087100000, 0x0000000087100000| Untracked 
|  82|0x0000000087200000, 0x0000000087200000, 0x0000000087300000|  0%| F|  |TAMS 0x0000000087200000, 0x0000000087200000| Untracked 
|  83|0x0000000087300000, 0x0000000087300000, 0x0000000087400000|  0%| F|  |TAMS 0x0000000087300000, 0x0000000087300000| Untracked 
|  84|0x0000000087400000, 0x0000000087400000, 0x0000000087500000|  0%| F|  |TAMS 0x0000000087400000, 0x0000000087400000| Untracked 
|  85|0x0000000087500000, 0x0000000087500000, 0x0000000087600000|  0%| F|  |TAMS 0x0000000087500000, 0x0000000087500000| Untracked 
|  86|0x0000000087600000, 0x0000000087600000, 0x0000000087700000|  0%| F|  |TAMS 0x0000000087600000, 0x0000000087600000| Untracked 
|  87|0x0000000087700000, 0x0000000087700000, 0x0000000087800000|  0%| F|  |TAMS 0x0000000087700000, 0x0000000087700000| Untracked 
|  88|0x0000000087800000, 0x0000000087800000, 0x0000000087900000|  0%| F|  |TAMS 0x0000000087800000, 0x0000000087800000| Untracked 
|  89|0x0000000087900000, 0x0000000087900000, 0x0000000087a00000|  0%| F|  |TAMS 0x0000000087900000, 0x0000000087900000| Untracked 
|  90|0x0000000087a00000, 0x0000000087a00000, 0x0000000087b00000|  0%| F|  |TAMS 0x0000000087a00000, 0x0000000087a00000| Untracked 
|  91|0x0000000087b00000, 0x0000000087b00000, 0x0000000087c00000|  0%| F|  |TAMS 0x0000000087b00000, 0x0000000087b00000| Untracked 
|  92|0x0000000087c00000, 0x0000000087c00000, 0x0000000087d00000|  0%| F|  |TAMS 0x0000000087c00000, 0x0000000087c00000| Untracked 
|  93|0x0000000087d00000, 0x0000000087d00000, 0x0000000087e00000|  0%| F|  |TAMS 0x0000000087d00000, 0x0000000087d00000| Untracked 
|  94|0x0000000087e00000, 0x0000000087e00000, 0x0000000087f00000|  0%| F|  |TAMS 0x0000000087e00000, 0x0000000087e00000| Untracked 
|  95|0x0000000087f00000, 0x0000000087f00000, 0x0000000088000000|  0%| F|  |TAMS 0x0000000087f00000, 0x0000000087f00000| Untracked 
|  96|0x0000000088000000, 0x0000000088000000, 0x0000000088100000|  0%| F|  |TAMS 0x0000000088000000, 0x0000000088000000| Untracked 
|  97|0x0000000088100000, 0x0000000088100000, 0x0000000088200000|  0%| F|  |TAMS 0x0000000088100000, 0x0000000088100000| Untracked 
|  98|0x0000000088200000, 0x0000000088200000, 0x0000000088300000|  0%| F|  |TAMS 0x0000000088200000, 0x0000000088200000| Untracked 
|  99|0x0000000088300000, 0x0000000088300000, 0x0000000088400000|  0%| F|  |TAMS 0x0000000088300000, 0x0000000088300000| Untracked 
| 100|0x0000000088400000, 0x0000000088400000, 0x0000000088500000|  0%| F|  |TAMS 0x0000000088400000, 0x0000000088400000| Untracked 
| 101|0x0000000088500000, 0x0000000088500000, 0x0000000088600000|  0%| F|  |TAMS 0x0000000088500000, 0x0000000088500000| Untracked 
| 102|0x0000000088600000, 0x0000000088600000, 0x0000000088700000|  0%| F|  |TAMS 0x0000000088600000, 0x0000000088600000| Untracked 
| 103|0x0000000088700000, 0x0000000088700000, 0x0000000088800000|  0%| F|  |TAMS 0x0000000088700000, 0x0000000088700000| Untracked 
| 104|0x0000000088800000, 0x0000000088800000, 0x0000000088900000|  0%| F|  |TAMS 0x0000000088800000, 0x0000000088800000| Untracked 
| 105|0x0000000088900000, 0x0000000088900000, 0x0000000088a00000|  0%| F|  |TAMS 0x0000000088900000, 0x0000000088900000| Untracked 
| 106|0x0000000088a00000, 0x0000000088a00000, 0x0000000088b00000|  0%| F|  |TAMS 0x0000000088a00000, 0x0000000088a00000| Untracked 
| 107|0x0000000088b00000, 0x0000000088b00000, 0x0000000088c00000|  0%| F|  |TAMS 0x0000000088b00000, 0x0000000088b00000| Untracked 
| 108|0x0000000088c00000, 0x0000000088c00000, 0x0000000088d00000|  0%| F|  |TAMS 0x0000000088c00000, 0x0000000088c00000| Untracked 
| 109|0x0000000088d00000, 0x0000000088d00000, 0x0000000088e00000|  0%| F|  |TAMS 0x0000000088d00000, 0x0000000088d00000| Untracked 
| 110|0x0000000088e00000, 0x0000000088e00000, 0x0000000088f00000|  0%| F|  |TAMS 0x0000000088e00000, 0x0000000088e00000| Untracked 
| 111|0x0000000088f00000, 0x0000000088f00000, 0x0000000089000000|  0%| F|  |TAMS 0x0000000088f00000, 0x0000000088f00000| Untracked 
| 112|0x0000000089000000, 0x0000000089000000, 0x0000000089100000|  0%| F|  |TAMS 0x0000000089000000, 0x0000000089000000| Untracked 
| 113|0x0000000089100000, 0x0000000089100000, 0x0000000089200000|  0%| F|  |TAMS 0x0000000089100000, 0x0000000089100000| Untracked 
| 114|0x0000000089200000, 0x0000000089200000, 0x0000000089300000|  0%| F|  |TAMS 0x0000000089200000, 0x0000000089200000| Untracked 
| 115|0x0000000089300000, 0x0000000089300000, 0x0000000089400000|  0%| F|  |TAMS 0x0000000089300000, 0x0000000089300000| Untracked 
| 116|0x0000000089400000, 0x0000000089400000, 0x0000000089500000|  0%| F|  |TAMS 0x0000000089400000, 0x0000000089400000| Untracked 
| 117|0x0000000089500000, 0x0000000089500000, 0x0000000089600000|  0%| F|  |TAMS 0x0000000089500000, 0x0000000089500000| Untracked 
| 118|0x0000000089600000, 0x0000000089600000, 0x0000000089700000|  0%| F|  |TAMS 0x0000000089600000, 0x0000000089600000| Untracked 
| 119|0x0000000089700000, 0x0000000089700000, 0x0000000089800000|  0%| F|  |TAMS 0x0000000089700000, 0x0000000089700000| Untracked 
| 120|0x0000000089800000, 0x0000000089800000, 0x0000000089900000|  0%| F|  |TAMS 0x0000000089800000, 0x0000000089800000| Untracked 
| 121|0x0000000089900000, 0x0000000089909630, 0x0000000089a00000|  3%| E|  |TAMS 0x0000000089900000, 0x0000000089900000| Complete 
| 122|0x0000000089a00000, 0x0000000089b00000, 0x0000000089b00000|100%| E|CS|TAMS 0x0000000089a00000, 0x0000000089a00000| Complete 
| 151|0x000000008b700000, 0x000000008b800000, 0x000000008b800000|100%| E|CS|TAMS 0x000000008b700000, 0x000000008b700000| Complete 

Card table byte_map: [0x00000119def80000,0x00000119df370000] _byte_map_base: 0x00000119deb70000

Marking Bits (Prev, Next): (CMBitMap*) 0x00000119c76ebb38, (CMBitMap*) 0x00000119c76ebaf8
 Prev Bits: [0x00000119e16e0000, 0x00000119e3660000)
 Next Bits: [0x00000119df760000, 0x00000119e16e0000)

Polling page: 0x00000119c55d0000

Metaspace:

Usage:
  Non-class:     53.63 MB capacity,    52.46 MB ( 98%) used,   974.95 KB (  2%) free+waste,   227.25 KB ( <1%) overhead. 
      Class:      8.90 MB capacity,     8.20 MB ( 92%) used,   612.39 KB (  7%) free+waste,   109.13 KB (  1%) overhead. 
       Both:     62.54 MB capacity,    60.66 MB ( 97%) used,     1.55 MB (  2%) free+waste,   336.38 KB ( <1%) overhead. 

Virtual space:
  Non-class space:       54.00 MB reserved,      53.75 MB (>99%) committed 
      Class space:        1.00 GB reserved,       9.00 MB ( <1%) committed 
             Both:        1.05 GB reserved,      62.75 MB (  6%) committed 

Chunk freelists:
   Non-Class:  3.00 KB
       Class:  0 bytes
        Both:  3.00 KB

MaxMetaspaceSize: 17179869184.00 GB
CompressedClassSpaceSize: 1.00 GB

CodeHeap 'non-profiled nmethods': size=238912Kb used=19390Kb max_used=19390Kb free=219521Kb
 bounds [0x00000119d0240000, 0x00000119d1530000, 0x00000119deb90000]
CodeHeap 'non-nmethods': size=6848Kb used=1426Kb max_used=1426Kb free=5421Kb
 bounds [0x00000119cfb90000, 0x00000119cfe00000, 0x00000119d0240000]
 total_blobs=11785 nmethods=10683 adapters=554
 compilation: enabled
              stopped_count=0, restarted_count=0
 full_count=0

Compilation events (20 events):
Event: 422.650 Thread 0x00000119e5b6a000 10884       1       org.hibernate.event.service.internal.EventListenerGroupImpl::count (16 bytes)
Event: 422.650 Thread 0x00000119e5b6a000 nmethod 10884 0x00000119d1529910 code [0x00000119d1529aa0, 0x00000119d1529bf8]
Event: 422.650 Thread 0x00000119e5b6a000 10879       1       org.hibernate.validator.internal.engine.ValidatorFactoryScopedContext::isTraversableResolverResultCacheEnabled (5 bytes)
Event: 422.650 Thread 0x00000119e5b6a000 nmethod 10879 0x00000119d1529c90 code [0x00000119d1529e20, 0x00000119d1529f58]
Event: 422.650 Thread 0x00000119e5b6a000 10880       1       org.hibernate.validator.internal.engine.ValidatorFactoryScopedContext::getConstraintValidatorPayload (5 bytes)
Event: 422.650 Thread 0x00000119e5b6a000 nmethod 10880 0x00000119d152a010 code [0x00000119d152a1a0, 0x00000119d152a2d8]
Event: 422.650 Thread 0x00000119e5b6a000 10881       1       org.hibernate.validator.internal.engine.ValidatorFactoryScopedContext::getTraversableResolver (5 bytes)
Event: 422.650 Thread 0x00000119e5b6a000 nmethod 10881 0x00000119d152a390 code [0x00000119d152a520, 0x00000119d152a658]
Event: 426.786 Thread 0x00000119e5b6a000 10885   !   1       org.apache.catalina.core.ContainerBase::getRealmInternal (38 bytes)
Event: 426.786 Thread 0x00000119e5b6a000 nmethod 10885 0x00000119d152a710 code [0x00000119d152a900, 0x00000119d152ac40]
Event: 426.786 Thread 0x00000119e5b6a000 10886   !   1       org.apache.catalina.core.ContainerBase::getClusterInternal (38 bytes)
Event: 426.786 Thread 0x00000119e5b6a000 nmethod 10886 0x00000119d152af10 code [0x00000119d152b100, 0x00000119d152b440]
Event: 436.787 Thread 0x00000119e5b6a000 10888   !   1       org.apache.catalina.core.ContainerBase::backgroundProcess (168 bytes)
Event: 436.787 Thread 0x00000119e5b6a000 nmethod 10888 0x00000119d152b710 code [0x00000119d152b9a0, 0x00000119d152c440]
Event: 436.788 Thread 0x00000119e5b6a000 10887   !   1       org.apache.catalina.core.ContainerBase$ContainerBackgroundProcessor::processChildren (202 bytes)
Event: 436.788 Thread 0x00000119e5b6a000 nmethod 10887 0x00000119d152ca90 code [0x00000119d152cd80, 0x00000119d152ddf0]
Event: 436.788 Thread 0x00000119e5b6a000 10889       1       org.apache.catalina.mapper.MapperListener::lifecycleEvent (178 bytes)
Event: 436.789 Thread 0x00000119e5b6a000 nmethod 10889 0x00000119d152e810 code [0x00000119d152ea80, 0x00000119d152f3a0]
Event: 436.789 Thread 0x00000119e5b6a000 10890       1       org.apache.catalina.core.StandardWrapper::getServlet (5 bytes)
Event: 436.789 Thread 0x00000119e5b6a000 nmethod 10890 0x00000119d152f790 code [0x00000119d152f920, 0x00000119d152fa58]

GC Heap History (20 events):
Event: 7.595 GC heap before
{Heap before GC invocations=23 (full 0):
 garbage-first heap   total 105472K, used 75899K [0x0000000082000000, 0x0000000100000000)
  region size 1024K, 45 young (46080K), 4 survivors (4096K)
 Metaspace       used 50756K, capacity 52233K, committed 52352K, reserved 1093632K
  class space    used 6920K, capacity 7482K, committed 7552K, reserved 1048576K
}
Event: 7.601 GC heap after
{Heap after GC invocations=24 (full 0):
 garbage-first heap   total 105472K, used 36582K [0x0000000082000000, 0x0000000100000000)
  region size 1024K, 5 young (5120K), 5 survivors (5120K)
 Metaspace       used 50756K, capacity 52233K, committed 52352K, reserved 1093632K
  class space    used 6920K, capacity 7482K, committed 7552K, reserved 1048576K
}
Event: 7.912 GC heap before
{Heap before GC invocations=24 (full 0):
 garbage-first heap   total 105472K, used 78566K [0x0000000082000000, 0x0000000100000000)
  region size 1024K, 46 young (47104K), 5 survivors (5120K)
 Metaspace       used 52008K, capacity 53493K, committed 53760K, reserved 1095680K
  class space    used 7092K, capacity 7666K, committed 7680K, reserved 1048576K
}
Event: 7.919 GC heap after
{Heap after GC invocations=25 (full 0):
 garbage-first heap   total 126976K, used 38467K [0x0000000082000000, 0x0000000100000000)
  region size 1024K, 5 young (5120K), 5 survivors (5120K)
 Metaspace       used 52008K, capacity 53493K, committed 53760K, reserved 1095680K
  class space    used 7092K, capacity 7666K, committed 7680K, reserved 1048576K
}
Event: 8.269 GC heap before
{Heap before GC invocations=25 (full 0):
 garbage-first heap   total 126976K, used 88643K [0x0000000082000000, 0x0000000100000000)
  region size 1024K, 54 young (55296K), 5 survivors (5120K)
 Metaspace       used 53080K, capacity 54607K, committed 54784K, reserved 1095680K
  class space    used 7260K, capacity 7847K, committed 7936K, reserved 1048576K
}
Event: 8.275 GC heap after
{Heap after GC invocations=26 (full 0):
 garbage-first heap   total 126976K, used 40371K [0x0000000082000000, 0x0000000100000000)
  region size 1024K, 4 young (4096K), 4 survivors (4096K)
 Metaspace       used 53080K, capacity 54607K, committed 54784K, reserved 1095680K
  class space    used 7260K, capacity 7847K, committed 7936K, reserved 1048576K
}
Event: 8.780 GC heap before
{Heap before GC invocations=26 (full 0):
 garbage-first heap   total 126976K, used 90547K [0x0000000082000000, 0x0000000100000000)
  region size 1024K, 53 young (54272K), 4 survivors (4096K)
 Metaspace       used 56409K, capacity 58075K, committed 58240K, reserved 1099776K
  class space    used 7669K, capacity 8295K, committed 8320K, reserved 1048576K
}
Event: 8.787 GC heap after
{Heap after GC invocations=27 (full 0):
 garbage-first heap   total 126976K, used 41660K [0x0000000082000000, 0x0000000100000000)
  region size 1024K, 5 young (5120K), 5 survivors (5120K)
 Metaspace       used 56409K, capacity 58075K, committed 58240K, reserved 1099776K
  class space    used 7669K, capacity 8295K, committed 8320K, reserved 1048576K
}
Event: 145.531 GC heap before
{Heap before GC invocations=27 (full 0):
 garbage-first heap   total 126976K, used 64188K [0x0000000082000000, 0x0000000100000000)
  region size 1024K, 28 young (28672K), 5 survivors (5120K)
 Metaspace       used 58563K, capacity 60221K, committed 60288K, reserved 1101824K
  class space    used 7903K, capacity 8542K, committed 8576K, reserved 1048576K
}
Event: 145.540 GC heap after
{Heap after GC invocations=28 (full 0):
 garbage-first heap   total 126976K, used 42806K [0x0000000082000000, 0x0000000100000000)
  region size 1024K, 5 young (5120K), 5 survivors (5120K)
 Metaspace       used 58563K, capacity 60221K, committed 60288K, reserved 1101824K
  class space    used 7903K, capacity 8542K, committed 8576K, reserved 1048576K
}
Event: 149.717 GC heap before
{Heap before GC invocations=29 (full 0):
 garbage-first heap   total 126976K, used 89910K [0x0000000082000000, 0x0000000100000000)
  region size 1024K, 52 young (53248K), 5 survivors (5120K)
 Metaspace       used 61324K, capacity 63052K, committed 63232K, reserved 1103872K
  class space    used 8274K, capacity 8927K, committed 8960K, reserved 1048576K
}
Event: 149.724 GC heap after
{Heap after GC invocations=30 (full 0):
 garbage-first heap   total 126976K, used 43861K [0x0000000082000000, 0x0000000100000000)
  region size 1024K, 5 young (5120K), 5 survivors (5120K)
 Metaspace       used 61324K, capacity 63052K, committed 63232K, reserved 1103872K
  class space    used 8274K, capacity 8927K, committed 8960K, reserved 1048576K
}
Event: 152.084 GC heap before
{Heap before GC invocations=30 (full 0):
 garbage-first heap   total 126976K, used 44885K [0x0000000082000000, 0x0000000100000000)
  region size 1024K, 6 young (6144K), 5 survivors (5120K)
 Metaspace       used 61378K, capacity 63052K, committed 63232K, reserved 1103872K
  class space    used 8281K, capacity 8927K, committed 8960K, reserved 1048576K
}
Event: 152.098 GC heap after
{Heap after GC invocations=31 (full 0):
 garbage-first heap   total 126976K, used 39547K [0x0000000082000000, 0x0000000100000000)
  region size 1024K, 1 young (1024K), 1 survivors (1024K)
 Metaspace       used 61378K, capacity 63052K, committed 63232K, reserved 1103872K
  class space    used 8281K, capacity 8927K, committed 8960K, reserved 1048576K
}
Event: 157.169 GC heap before
{Heap before GC invocations=31 (full 0):
 garbage-first heap   total 126976K, used 90747K [0x0000000082000000, 0x0000000100000000)
  region size 1024K, 52 young (53248K), 1 survivors (1024K)
 Metaspace       used 61583K, capacity 63293K, committed 63616K, reserved 1103872K
  class space    used 8309K, capacity 8965K, committed 9088K, reserved 1048576K
}
Event: 157.172 GC heap after
{Heap after GC invocations=32 (full 0):
 garbage-first heap   total 126976K, used 39944K [0x0000000082000000, 0x0000000100000000)
  region size 1024K, 2 young (2048K), 2 survivors (2048K)
 Metaspace       used 61583K, capacity 63293K, committed 63616K, reserved 1103872K
  class space    used 8309K, capacity 8965K, committed 9088K, reserved 1048576K
}
Event: 248.750 GC heap before
{Heap before GC invocations=32 (full 0):
 garbage-first heap   total 126976K, used 94216K [0x0000000082000000, 0x0000000100000000)
  region size 1024K, 55 young (56320K), 2 survivors (2048K)
 Metaspace       used 61894K, capacity 63796K, committed 63872K, reserved 1103872K
  class space    used 8370K, capacity 9079K, committed 9088K, reserved 1048576K
}
Event: 248.752 GC heap after
{Heap after GC invocations=33 (full 0):
 garbage-first heap   total 126976K, used 40302K [0x0000000082000000, 0x0000000100000000)
  region size 1024K, 2 young (2048K), 2 survivors (2048K)
 Metaspace       used 61894K, capacity 63796K, committed 63872K, reserved 1103872K
  class space    used 8370K, capacity 9079K, committed 9088K, reserved 1048576K
}
Event: 422.637 GC heap before
{Heap before GC invocations=33 (full 0):
 garbage-first heap   total 126976K, used 95598K [0x0000000082000000, 0x0000000100000000)
  region size 1024K, 57 young (58368K), 2 survivors (2048K)
 Metaspace       used 62086K, capacity 64037K, committed 64256K, reserved 1103872K
  class space    used 8393K, capacity 9116K, committed 9216K, reserved 1048576K
}
Event: 422.640 GC heap after
{Heap after GC invocations=34 (full 0):
 garbage-first heap   total 126976K, used 40847K [0x0000000082000000, 0x0000000100000000)
  region size 1024K, 3 young (3072K), 3 survivors (3072K)
 Metaspace       used 62086K, capacity 64037K, committed 64256K, reserved 1103872K
  class space    used 8393K, capacity 9116K, committed 9216K, reserved 1048576K
}

Deoptimization events (20 events):
Event: 421.918 Thread 0x00000119ea545000 DEOPT PACKING pc=0x00000119d1452a9c sp=0x0000000e312fda40
Event: 421.918 Thread 0x00000119ea545000 DEOPT UNPACKING pc=0x00000119cfbd964e sp=0x0000000e312fcf58 mode 1
Event: 421.918 Thread 0x00000119ea545000 DEOPT PACKING pc=0x00000119d14163cc sp=0x0000000e312fdb40
Event: 421.918 Thread 0x00000119ea545000 DEOPT UNPACKING pc=0x00000119cfbd964e sp=0x0000000e312fd000 mode 1
Event: 421.918 Thread 0x00000119ea545000 DEOPT PACKING pc=0x00000119d1465aac sp=0x0000000e312fdbc0
Event: 421.918 Thread 0x00000119ea545000 DEOPT UNPACKING pc=0x00000119cfbd964e sp=0x0000000e312fd0d8 mode 1
Event: 421.918 Thread 0x00000119ea545000 DEOPT PACKING pc=0x00000119d13da324 sp=0x0000000e312fdde0
Event: 421.918 Thread 0x00000119ea545000 DEOPT UNPACKING pc=0x00000119cfbd964e sp=0x0000000e312fd320 mode 1
Event: 421.918 Thread 0x00000119ea545000 DEOPT PACKING pc=0x00000119d13d64e4 sp=0x0000000e312fded0
Event: 421.918 Thread 0x00000119ea545000 DEOPT UNPACKING pc=0x00000119cfbd964e sp=0x0000000e312fd428 mode 1
Event: 421.918 Thread 0x00000119ea545000 DEOPT PACKING pc=0x00000119d066b81c sp=0x0000000e312fe690
Event: 421.919 Thread 0x00000119ea545000 DEOPT UNPACKING pc=0x00000119cfbd964e sp=0x0000000e312fdb58 mode 1
Event: 421.919 Thread 0x00000119ea545000 DEOPT PACKING pc=0x00000119d0c338e4 sp=0x0000000e312fe8f0
Event: 421.919 Thread 0x00000119ea545000 DEOPT UNPACKING pc=0x00000119cfbd964e sp=0x0000000e312fdda8 mode 1
Event: 421.919 Thread 0x00000119ea545000 DEOPT PACKING pc=0x00000119d13ee17c sp=0x0000000e312ff030
Event: 421.919 Thread 0x00000119ea545000 DEOPT UNPACKING pc=0x00000119cfbd964e sp=0x0000000e312fe4f8 mode 1
Event: 421.919 Thread 0x00000119ea545000 DEOPT PACKING pc=0x00000119d1435bf4 sp=0x0000000e312ff0b0
Event: 421.919 Thread 0x00000119ea545000 DEOPT UNPACKING pc=0x00000119cfbd964e sp=0x0000000e312fe5a8 mode 1
Event: 557.966 Thread 0x00000119ea5fc000 DEOPT PACKING pc=0x00000119d14a651c sp=0x0000000e315fec10
Event: 557.966 Thread 0x00000119ea5fc000 DEOPT UNPACKING pc=0x00000119cfbd964e sp=0x0000000e315fe0f8 mode 0

Classes unloaded (0 events):
No events

Classes redefined (3 events):
Event: 303.809 Thread 0x00000119e5b3f800 redefined class name=com.szefi.uml_conference.editor.service.EditorSession, count=1
Event: 318.502 Thread 0x00000119e5b3f800 redefined class name=com.szefi.uml_conference.editor.service.SocketSessionService, count=1
Event: 557.296 Thread 0x00000119e5b3f800 redefined class name=com.szefi.uml_conference.editor.service.EditorSession, count=2

Internal exceptions (20 events):
Event: 149.669 Thread 0x00000119ea552000 Exception <a 'java/lang/ClassNotFoundException'{0x00000000869584d8}: com/szefi/uml_conference/editor/model/top/AutoSessionInjectable_ICustomizer> (0x00000000869584d8) 
thrown [t:/workspace/open/src/hotspot/share/classfile/systemDictionary.cpp, line 232]
Event: 149.683 Thread 0x00000119ea552000 Exception <a 'java/lang/ClassNotFoundException'{0x00000000869bbd68}: java/lang/ObjectCustomizer> (0x00000000869bbd68) 
thrown [t:/workspace/open/src/hotspot/share/classfile/systemDictionary.cpp, line 232]
Event: 149.684 Thread 0x00000119ea552000 Exception <a 'java/lang/ClassNotFoundException'{0x00000000869de7c0}: com/szefi/uml_conference/editor/model/diagram/DiagramEntityCustomizer> (0x00000000869de7c0) 
thrown [t:/workspace/open/src/hotspot/share/classfile/systemDictionary.cpp, line 232]
Event: 158.739 Thread 0x00000119ea545000 Exception <a 'java/lang/ClassNotFoundException'{0x00000000899be928}: java/lang/ObjectCustomizer> (0x00000000899be928) 
thrown [t:/workspace/open/src/hotspot/share/classfile/systemDictionary.cpp, line 232]
Event: 158.740 Thread 0x00000119ea545000 Exception <a 'java/lang/ClassNotFoundException'{0x00000000899de5d8}: com/szefi/uml_conference/editor/model/top/DynamicSerialObjectCustomizer> (0x00000000899de5d8) 
thrown [t:/workspace/open/src/hotspot/share/classfile/systemDictionary.cpp, line 232]
Event: 158.741 Thread 0x00000119ea545000 Exception <a 'java/lang/ClassNotFoundException'{0x0000000089803e50}: com/szefi/uml_conference/editor/model/do_related/DiagramObjectCustomizer> (0x0000000089803e50) 
thrown [t:/workspace/open/src/hotspot/share/classfile/systemDictionary.cpp, line 232]
Event: 158.741 Thread 0x00000119ea545000 Exception <a 'java/lang/ClassNotFoundException'{0x0000000089832868}: com/szefi/uml_conference/editor/model/do_related/SimpleClassCustomizer> (0x0000000089832868) 
thrown [t:/workspace/open/src/hotspot/share/classfile/systemDictionary.cpp, line 232]
Event: 158.742 Thread 0x00000119ea545000 Exception <a 'java/lang/ClassNotFoundException'{0x0000000089863150}: com/szefi/uml_conference/editor/model/top/DynamicSerialContainer_ICustomizer> (0x0000000089863150) 
thrown [t:/workspace/open/src/hotspot/share/classfile/systemDictionary.cpp, line 232]
Event: 158.743 Thread 0x00000119ea545000 Exception <a 'java/lang/ClassNotFoundException'{0x0000000089880ed0}: com/szefi/uml_conference/editor/model/top/AutoSessionInjectable_ICustomizer> (0x0000000089880ed0) 
thrown [t:/workspace/open/src/hotspot/share/classfile/systemDictionary.cpp, line 232]
Event: 158.743 Thread 0x00000119ea545000 Exception <a 'java/lang/ClassNotFoundException'{0x00000000898a3118}: com/szefi/uml_conference/editor/model/top/AutoSessionInjectable_ICustomizer> (0x00000000898a3118) 
thrown [t:/workspace/open/src/hotspot/share/classfile/systemDictionary.cpp, line 232]
Event: 163.230 Thread 0x00000119ea545000 Exception <a 'java/lang/ClassNotFoundException'{0x0000000088d01eb0}: java/lang/ObjectCustomizer> (0x0000000088d01eb0) 
thrown [t:/workspace/open/src/hotspot/share/classfile/systemDictionary.cpp, line 232]
Event: 163.231 Thread 0x00000119ea545000 Exception <a 'java/lang/ClassNotFoundException'{0x0000000088d218b8}: com/szefi/uml_conference/editor/model/top/DynamicSerialObjectCustomizer> (0x0000000088d218b8) 
thrown [t:/workspace/open/src/hotspot/share/classfile/systemDictionary.cpp, line 232]
Event: 163.231 Thread 0x00000119ea545000 Exception <a 'java/lang/ClassNotFoundException'{0x0000000088d48d88}: com/szefi/uml_conference/editor/model/do_related/SimpleClassElementGroupCustomizer> (0x0000000088d48d88) 
thrown [t:/workspace/open/src/hotspot/share/classfile/systemDictionary.cpp, line 232]
Event: 163.232 Thread 0x00000119ea545000 Exception <a 'java/lang/ClassNotFoundException'{0x0000000088d799e0}: com/szefi/uml_conference/editor/model/top/DynamicSerialContainer_ICustomizer> (0x0000000088d799e0) 
thrown [t:/workspace/open/src/hotspot/share/classfile/systemDictionary.cpp, line 232]
Event: 163.233 Thread 0x00000119ea545000 Exception <a 'java/lang/ClassNotFoundException'{0x0000000088d97708}: com/szefi/uml_conference/editor/model/top/AutoSessionInjectable_ICustomizer> (0x0000000088d97708) 
thrown [t:/workspace/open/src/hotspot/share/classfile/systemDictionary.cpp, line 232]
Event: 165.348 Thread 0x00000119ea545000 Exception <a 'java/lang/ClassNotFoundException'{0x000000008892b9d0}: java/lang/ObjectCustomizer> (0x000000008892b9d0) 
thrown [t:/workspace/open/src/hotspot/share/classfile/systemDictionary.cpp, line 232]
Event: 165.349 Thread 0x00000119ea545000 Exception <a 'java/lang/ClassNotFoundException'{0x000000008894b628}: com/szefi/uml_conference/editor/model/top/DynamicSerialObjectCustomizer> (0x000000008894b628) 
thrown [t:/workspace/open/src/hotspot/share/classfile/systemDictionary.cpp, line 232]
Event: 165.350 Thread 0x00000119ea545000 Exception <a 'java/lang/ClassNotFoundException'{0x000000008896fe88}: com/szefi/uml_conference/editor/model/do_related/Element_cCustomizer> (0x000000008896fe88) 
thrown [t:/workspace/open/src/hotspot/share/classfile/systemDictionary.cpp, line 232]
Event: 165.351 Thread 0x00000119ea545000 Exception <a 'java/lang/ClassNotFoundException'{0x00000000889993e0}: com/szefi/uml_conference/editor/model/do_related/TitleElementCustomizer> (0x00000000889993e0) 
thrown [t:/workspace/open/src/hotspot/share/classfile/systemDictionary.cpp, line 232]
Event: 165.352 Thread 0x00000119ea545000 Exception <a 'java/lang/ClassNotFoundException'{0x00000000889bb930}: com/szefi/uml_conference/editor/model/top/AutoSessionInjectable_ICustomizer> (0x00000000889bb930) 
thrown [t:/workspace/open/src/hotspot/share/classfile/systemDictionary.cpp, line 232]

Events (20 events):
Event: 562.926 Executing VM operation: GetFrameCount
Event: 562.926 Executing VM operation: GetFrameCount done
Event: 562.926 Executing VM operation: GetFrameCount
Event: 562.926 Executing VM operation: GetFrameCount done
Event: 562.926 Executing VM operation: GetStackTrace
Event: 562.926 Executing VM operation: GetStackTrace done
Event: 562.926 Executing VM operation: GetCurrentContendedMonitor
Event: 562.926 Executing VM operation: GetCurrentContendedMonitor done
Event: 562.927 Executing VM operation: GetOwnedMonitorInfo
Event: 562.927 Executing VM operation: GetOwnedMonitorInfo done
Event: 563.169 Executing VM operation: GetFrameCount
Event: 563.169 Executing VM operation: GetFrameCount done
Event: 563.169 Executing VM operation: GetFrameCount
Event: 563.169 Executing VM operation: GetFrameCount done
Event: 563.169 Executing VM operation: GetStackTrace
Event: 563.169 Executing VM operation: GetStackTrace done
Event: 563.171 Executing VM operation: GetCurrentContendedMonitor
Event: 563.171 Executing VM operation: GetCurrentContendedMonitor done
Event: 563.171 Executing VM operation: GetOwnedMonitorInfo
Event: 563.171 Executing VM operation: GetOwnedMonitorInfo done


Dynamic libraries:
0x00007ff6607c0000 - 0x00007ff6607cf000 	C:\Program Files\Java\jdk-13.0.2\bin\java.exe
0x00007ffb1f380000 - 0x00007ffb1f570000 	C:\windows\SYSTEM32\ntdll.dll
0x00007ffb1f280000 - 0x00007ffb1f332000 	C:\windows\System32\KERNEL32.DLL
0x00007ffb1cc10000 - 0x00007ffb1ceb4000 	C:\windows\System32\KERNELBASE.dll
0x00007ffb1d300000 - 0x00007ffb1d3fa000 	C:\windows\System32\ucrtbase.dll
0x00007ffb16cc0000 - 0x00007ffb16cd8000 	C:\Program Files\Java\jdk-13.0.2\bin\jli.dll
0x00007ffb16850000 - 0x00007ffb16865000 	C:\Program Files\Java\jdk-13.0.2\bin\VCRUNTIME140.dll
0x00007ffb1d4f0000 - 0x00007ffb1d593000 	C:\windows\System32\ADVAPI32.dll
0x00007ffb1e440000 - 0x00007ffb1e4de000 	C:\windows\System32\msvcrt.dll
0x00007ffb1ec80000 - 0x00007ffb1ed17000 	C:\windows\System32\sechost.dll
0x00007ffb1df30000 - 0x00007ffb1e050000 	C:\windows\System32\RPCRT4.dll
0x00007ffb1ef80000 - 0x00007ffb1f114000 	C:\windows\System32\USER32.dll
0x00007ffb1d400000 - 0x00007ffb1d421000 	C:\windows\System32\win32u.dll
0x00007ffb06ab0000 - 0x00007ffb06d34000 	C:\windows\WinSxS\amd64_microsoft.windows.common-controls_6595b64144ccf1df_6.0.18362.959_none_e6c7bbbf130c62bb\COMCTL32.dll
0x00007ffb1ed20000 - 0x00007ffb1ed46000 	C:\windows\System32\GDI32.dll
0x00007ffb1cf20000 - 0x00007ffb1d0b6000 	C:\windows\System32\gdi32full.dll
0x00007ffb1e050000 - 0x00007ffb1e385000 	C:\windows\System32\combase.dll
0x00007ffb1c3e0000 - 0x00007ffb1c47e000 	C:\windows\System32\msvcp_win.dll
0x00007ffb1d0c0000 - 0x00007ffb1d140000 	C:\windows\System32\bcryptPrimitives.dll
0x00007ffb161b0000 - 0x00007ffb161ba000 	C:\windows\SYSTEM32\VERSION.dll
0x00007ffb1ee80000 - 0x00007ffb1eeae000 	C:\windows\System32\IMM32.DLL
0x00007ffb0d3f0000 - 0x00007ffb0d48b000 	C:\Program Files\Java\jdk-13.0.2\bin\msvcp140.dll
0x00007ffad8080000 - 0x00007ffad8bdd000 	C:\Program Files\Java\jdk-13.0.2\bin\server\jvm.dll
0x00007ffb1d5a0000 - 0x00007ffb1d5a8000 	C:\windows\System32\PSAPI.DLL
0x00007ffb12e20000 - 0x00007ffb12e29000 	C:\windows\SYSTEM32\WSOCK32.dll
0x00007ffb1a030000 - 0x00007ffb1a054000 	C:\windows\SYSTEM32\WINMM.dll
0x00007ffb1e780000 - 0x00007ffb1e7ef000 	C:\windows\System32\WS2_32.dll
0x00007ffb19fd0000 - 0x00007ffb19ffd000 	C:\windows\SYSTEM32\WINMMBASE.dll
0x00007ffb1d2b0000 - 0x00007ffb1d2fa000 	C:\windows\System32\cfgmgr32.dll
0x00007ffb1c240000 - 0x00007ffb1c251000 	C:\windows\System32\kernel.appcore.dll
0x00007ffb16b80000 - 0x00007ffb16b90000 	C:\Program Files\Java\jdk-13.0.2\bin\verify.dll
0x00007ffb03850000 - 0x00007ffb03a44000 	C:\windows\SYSTEM32\DBGHELP.DLL
0x00007ffb04e40000 - 0x00007ffb04e6a000 	C:\windows\SYSTEM32\dbgcore.DLL
0x00007ffb124e0000 - 0x00007ffb12506000 	C:\Program Files\Java\jdk-13.0.2\bin\java.dll
0x00007ffb10c20000 - 0x00007ffb10c58000 	C:\Program Files\Java\jdk-13.0.2\bin\jdwp.dll
0x00007ffb16200000 - 0x00007ffb16217000 	C:\Program Files\Java\jdk-13.0.2\bin\zip.dll
0x00007ffb15f70000 - 0x00007ffb15f7a000 	C:\Program Files\Java\jdk-13.0.2\bin\jimage.dll
0x00007ffb1d630000 - 0x00007ffb1dd16000 	C:\windows\System32\SHELL32.dll
0x00007ffb1e390000 - 0x00007ffb1e439000 	C:\windows\System32\shcore.dll
0x00007ffb1c480000 - 0x00007ffb1cc02000 	C:\windows\System32\windows.storage.dll
0x00007ffb1c2d0000 - 0x00007ffb1c2f3000 	C:\windows\System32\profapi.dll
0x00007ffb1c260000 - 0x00007ffb1c2aa000 	C:\windows\System32\powrprof.dll
0x00007ffb1c230000 - 0x00007ffb1c240000 	C:\windows\System32\UMPDC.dll
0x00007ffb1ee10000 - 0x00007ffb1ee62000 	C:\windows\System32\shlwapi.dll
0x00007ffb1d290000 - 0x00007ffb1d2a7000 	C:\windows\System32\cryptsp.dll
0x00007ffb147c0000 - 0x00007ffb147cb000 	C:\Program Files\Java\jdk-13.0.2\bin\dt_socket.dll
0x00007ffb1ba40000 - 0x00007ffb1baa7000 	C:\windows\system32\mswsock.dll
0x00007ffb13480000 - 0x00007ffb13499000 	C:\Program Files\Java\jdk-13.0.2\bin\net.dll
0x00007ffb14fd0000 - 0x00007ffb150c0000 	C:\windows\SYSTEM32\WINHTTP.dll
0x00007ffb11f30000 - 0x00007ffb11f43000 	C:\Program Files\Java\jdk-13.0.2\bin\nio.dll
0x00007ffb13000000 - 0x00007ffb13009000 	C:\Program Files\Java\jdk-13.0.2\bin\management.dll
0x00007ffb113a0000 - 0x00007ffb113ab000 	C:\Program Files\Java\jdk-13.0.2\bin\management_ext.dll
0x00007ffb13460000 - 0x00007ffb13476000 	C:\windows\system32\napinsp.dll
0x00007ffb13440000 - 0x00007ffb1345a000 	C:\windows\system32\pnrpnsp.dll
0x00007ffb1b790000 - 0x00007ffb1b85b000 	C:\windows\SYSTEM32\DNSAPI.dll
0x00007ffb1ee70000 - 0x00007ffb1ee78000 	C:\windows\System32\NSI.dll
0x00007ffb1b750000 - 0x00007ffb1b78a000 	C:\windows\SYSTEM32\IPHLPAPI.DLL
0x00007ffb12490000 - 0x00007ffb1249e000 	C:\windows\System32\winrnr.dll
0x00007ffb18850000 - 0x00007ffb1886c000 	C:\windows\system32\NLAapi.dll
0x00007ffaf4760000 - 0x00007ffaf4775000 	C:\windows\system32\wshbth.dll
0x00007ffb14020000 - 0x00007ffb1402a000 	C:\Windows\System32\rasadhlp.dll
0x00007ffb162b0000 - 0x00007ffb16327000 	C:\windows\System32\fwpuclnt.dll
0x00007ffb1c300000 - 0x00007ffb1c326000 	C:\windows\System32\bcrypt.dll
0x00007ffb1b340000 - 0x00007ffb1b373000 	C:\windows\system32\rsaenh.dll
0x00007ffb1c150000 - 0x00007ffb1c175000 	C:\windows\SYSTEM32\USERENV.dll
0x00007ffb1bc70000 - 0x00007ffb1bc7c000 	C:\windows\SYSTEM32\CRYPTBASE.dll
0x00007ffb16820000 - 0x00007ffb16836000 	C:\windows\SYSTEM32\dhcpcsvc6.DLL
0x00007ffb16700000 - 0x00007ffb1671c000 	C:\windows\SYSTEM32\dhcpcsvc.DLL
0x00007ffb11070000 - 0x00007ffb11095000 	C:\Program Files\Java\jdk-13.0.2\bin\sunec.dll

dbghelp: loaded successfully - version: 4.0.5 - missing functions: none
symbol engine: initialized successfully - sym options: 0x614 - pdb path: .;C:\Program Files\Java\jdk-13.0.2\bin;C:\windows\SYSTEM32;C:\windows\WinSxS\amd64_microsoft.windows.common-controls_6595b64144ccf1df_6.0.18362.959_none_e6c7bbbf130c62bb;C:\Program Files\Java\jdk-13.0.2\bin\server

VM Arguments:
jvm_args: -XX:TieredStopAtLevel=1 -Xdebug -Xrunjdwp:transport=dt_socket,server=n,address=63493 -Xverify:none -XX:TieredStopAtLevel=1 
java_command: com.szefi.uml_conference.WebOrderApplication
java_class_path (initial): C:\#DEV\#SZAKDOLI\#PROJEKT\back-end\target\classes;C:\Users\h9pbcl\.m2\repository\org\springframework\boot\spring-boot-starter-data-jpa\2.3.3.RELEASE\spring-boot-starter-data-jpa-2.3.3.RELEASE.jar;C:\Users\h9pbcl\.m2\repository\org\springframework\boot\spring-boot-starter-aop\2.3.3.RELEASE\spring-boot-starter-aop-2.3.3.RELEASE.jar;C:\Users\h9pbcl\.m2\repository\org\aspectj\aspectjweaver\1.9.6\aspectjweaver-1.9.6.jar;C:\Users\h9pbcl\.m2\repository\org\springframework\boot\spring-boot-starter-jdbc\2.3.3.RELEASE\spring-boot-starter-jdbc-2.3.3.RELEASE.jar;C:\Users\h9pbcl\.m2\repository\com\zaxxer\HikariCP\3.4.5\HikariCP-3.4.5.jar;C:\Users\h9pbcl\.m2\repository\org\springframework\spring-jdbc\5.2.8.RELEASE\spring-jdbc-5.2.8.RELEASE.jar;C:\Users\h9pbcl\.m2\repository\jakarta\transaction\jakarta.transaction-api\1.3.3\jakarta.transaction-api-1.3.3.jar;C:\Users\h9pbcl\.m2\repository\jakarta\persistence\jakarta.persistence-api\2.2.3\jakarta.persistence-api-2.2.3.jar;C:\Users\h9pbcl\.m2\repository\org\hibernate\hibernate-core\5.4.20.Final\hibernate-core-5.4.20.Final.jar;C:\Users\h9pbcl\.m2\repository\org\jboss\logging\jboss-logging\3.4.1.Final\jboss-logging-3.4.1.Final.jar;C:\Users\h9pbcl\.m2\repository\org\javassist\javassist\3.24.0-GA\javassist-3.24.0-GA.jar;C:\Users\h9pbcl\.m2\repository\net\bytebuddy\byte-buddy\1.10.14\byte-buddy-1.10.14.jar;C:\Users\h9pbcl\.m2\repository\antlr\antlr\2.7.7\antlr-2.7.7.jar;C:\Users\h9pbcl\.m2\repository\org\jboss\jandex\2.1.3.Final\jandex-2.1.3.Final.jar;C:\Users\h9pbcl\.m2\repository\com\fasterxml\classmate\1.5.1\classmate-1.5.1.jar;C:\Users\h9pbcl\.m2\repository\org\dom4j\dom4j\2.1.3\dom4j-2.1.3.jar;C:\Users\h9pbcl\.m2\repository\org\hibernate\common\hibernate-commons-annotations\5.1.0.Final\hibernate-commons-annotations-5.1.0.Final.jar;C:\Users\h9pbcl\.m2\repository\org\glassfish\jaxb\jaxb-runtime\2.3.3\jaxb-runtime-2.3.3.jar;C:\Users\h9pbcl\.m2\repository\org\glassfish\jaxb\txw2\2.3.3\txw2-2.3.3.jar;C:\Users
Launcher Type: SUN_STANDARD

[Global flags]
     intx CICompilerCount                          = 3                                         {product} {ergonomic}
     uint ConcGCThreads                            = 1                                         {product} {ergonomic}
     uint G1ConcRefinementThreads                  = 4                                         {product} {ergonomic}
   size_t G1HeapRegionSize                         = 1048576                                   {product} {ergonomic}
    uintx GCDrainStackTargetSize                   = 64                                        {product} {ergonomic}
   size_t InitialHeapSize                          = 132120576                                 {product} {ergonomic}
   size_t MarkStackSize                            = 4194304                                   {product} {ergonomic}
   size_t MaxHeapSize                              = 2113929216                                {product} {ergonomic}
   size_t MaxNewSize                               = 1267728384                                {product} {ergonomic}
   size_t MinHeapDeltaBytes                        = 1048576                                   {product} {ergonomic}
   size_t MinHeapSize                              = 8388608                                   {product} {ergonomic}
    uintx NonNMethodCodeHeapSize                   = 6973028                                {pd product} {ergonomic}
    uintx NonProfiledCodeHeapSize                  = 244685212                              {pd product} {ergonomic}
    uintx ProfiledCodeHeapSize                     = 0                                      {pd product} {ergonomic}
    uintx ReservedCodeCacheSize                    = 251658240                              {pd product} {ergonomic}
     bool SegmentedCodeCache                       = true                                      {product} {ergonomic}
   size_t SoftMaxHeapSize                          = 2113929216                             {manageable} {ergonomic}
     intx TieredStopAtLevel                        = 1                                         {product} {command line}
     bool UseCompressedClassPointers               = true                                 {lp64_product} {ergonomic}
     bool UseCompressedOops                        = true                                 {lp64_product} {ergonomic}
     bool UseG1GC                                  = true                                      {product} {ergonomic}
     bool UseLargePagesIndividualAllocation        = false                                  {pd product} {ergonomic}

Logging:
Log output configuration:
 #0: stdout all=warning uptime,level,tags
 #1: stderr all=off uptime,level,tags

Environment Variables:
JAVA_HOME=C:\Program Files\Java\jdk-13.0.2
PATH=C:\Program Files\Common Files\Oracle\Java\javapath;C:\Program Files (x86)\Common Files\Oracle\Java\javapath;C:\windows\system32;C:\windows;C:\windows\System32\Wbem;C:\windows\System32\WindowsPowerShell\v1.0\;C:\windows\System32\OpenSSH\;C:\Program Files\dotnet\;C:\Program Files\Microsoft SQL Server\150\Tools\Binn\;C:\Program Files\Microsoft SQL Server\Client SDK\ODBC\170\Tools\Binn\;C:\Program Files (x86)\Microsoft SQL Server\150\Tools\Binn\;C:\Program Files\Microsoft SQL Server\150\DTS\Binn\;C:\Program Files\Microsoft SQL Server\130\Tools\Binn\;C:\Program Files\Git\cmd;C:\Program Files\Java\jdk-13.0.2\bin;C:\Program Files\Java\jdk1.8.0_241\bin;F:\Install\#FEJLESZTÕI INSTALL\spring-boot-cli-2.2.4.RELEASE-bin\spring-2.2.4.RELEASE\bin;C:\MinGW\bin;C:\Program Files\PuTTY\;C:\sqldeveloper\sqldeveloper\bin;C:\Program Files\Java\jre1.8.0_241\bin;C:\Program Files\TortoiseGit\bin;C:\Program Files\nodejs\;C:\Program Files (x86)\dotnet\;C:\Program Files\NVIDIA Corporation\NVIDIA NvDLISR;C:\Program Files (x86)\NVIDIA Corporation\PhysX\Common;f:\Install\#FEJLESZTÕI INSTALL\R-4.0.4\bin\;C:\Program Files\R\R-4.0.4\bin\x64;C:\Users\h9pbcl\AppData\Local\Microsoft\WindowsApps;;C:\Users\h9pbcl\AppData\Local\Programs\Microsoft VS Code\bin;C:\Users\h9pbcl\AppData\Roaming\npm;F:\Install\#FEJLESZTÕI INSTALL\Salesforce CLI\bin
USERNAME=h9pbcl
OS=Windows_NT
PROCESSOR_IDENTIFIER=Intel64 Family 6 Model 58 Stepping 9, GenuineIntel



---------------  S Y S T E M  ---------------

OS: Windows 10 , 64 bit Build 18362 (10.0.18362.959)

CPU:total 4 (initial active 4) (4 cores per cpu, 1 threads per core) family 6 model 58 stepping 9, cmov, cx8, fxsr, mmx, sse, sse2, sse3, ssse3, sse4.1, sse4.2, popcnt, avx, aes, clmul, erms, tsc, tscinvbit, tscinv

Memory: 4k page, system-wide physical 8063M (995M free)
TotalPageFile size 23759M (AvailPageFile size 5628M)
current process WorkingSet (physical memory assigned to process): 282M, peak: 282M
current process commit charge ("private bytes"): 319M, peak: 319M

vm_info: Java HotSpot(TM) 64-Bit Server VM (13.0.2+8) for windows-amd64 JRE (13.0.2+8), built on Dec 11 2019 09:20:33 by "mach5one" with unknown MS VC++:1916

END.
